<html>
<head>
<title>TestNG:  Default test</title>
<link href="../testng.css" rel="stylesheet" type="text/css" />
<link href="../my-testng.css" rel="stylesheet" type="text/css" />

<style type="text/css">
.log { display: none;} 
.stack-trace { display: none;} 
</style>
<script type="text/javascript">
<!--
function flip(e) {
  current = e.style.display;
  if (current == 'block') {
    e.style.display = 'none';
    return 0;
  }
  else {
    e.style.display = 'block';
    return 1;
  }
}

function toggleBox(szDivId, elem, msg1, msg2)
{
  var res = -1;  if (document.getElementById) {
    res = flip(document.getElementById(szDivId));
  }
  else if (document.all) {
    // this is the way old msie versions work
    res = flip(document.all[szDivId]);
  }
  if(elem) {
    if(res == 0) elem.innerHTML = msg1; else elem.innerHTML = msg2;
  }

}

function toggleAllBoxes() {
  if (document.getElementsByTagName) {
    d = document.getElementsByTagName('div');
    for (i = 0; i < d.length; i++) {
      if (d[i].className == 'log') {
        flip(d[i]);
      }
    }
  }
}

// -->
</script>

</head>
<body>
<h2 align='center'>Default test</h2><table border='1' align="center">
<tr>
<td>Tests passed/Failed/Skipped:</td><td>1/3/2</td>
</tr><tr>
<td>Started on:</td><td>Tue Sep 27 16:46:08 MSK 2016</td>
</tr>
<tr><td>Total time:</td><td>76 seconds (76231 ms)</td>
</tr><tr>
<td>Included groups:</td><td></td>
</tr><tr>
<td>Excluded groups:</td><td></td>
</tr>
</table><p/>
<small><i>(Hover the method name to see the test class name)</i></small><p/>
<table width='100%' border='1' class='invocation-failed'>
<tr><td colspan='4' align='center'><b>FAILED CONFIGURATIONS</b></td></tr>
<tr><td><b>Test method</b></td>
<td width="30%"><b>Exception</b></td>
<td width="10%"><b>Time (seconds)</b></td>
<td><b>Instance</b></td>
</tr>
<tr>
<td title='com.epam.vyacheslav_utenkov.java.lesson7.advanced.YandexMailTest.closeBrowser()'><b>closeBrowser</b><br>Test class: com.epam.vyacheslav_utenkov.java.lesson7.advanced.YandexMailTest</td>
<td><div><pre>java.lang.NullPointerException
	at com.epam.vyacheslav_utenkov.java.lesson7.advanced.YandexMailTest.closeBrowser(YandexMailTest.java:143)
	at sun.reflect.NativeMethodAccessorImpl.invoke0(Native Method)
	at sun.reflect.NativeMethodAccessorImpl.invoke(NativeMethodAccessorImpl.java:62)
	at sun.reflect.DelegatingMethodAccessorImpl.invoke(DelegatingMethodAccessorImpl.java:43)
	at java.lang.reflect.Method.invoke(Method.java:498)
	at org.testng.internal.MethodInvocationHelper.invokeMethod(MethodInvocationHelper.java:85)
	at org.testng.internal.Invoker.invokeConfigurationMethod(Invoker.java:510)
	at org.testng.internal.Invoker.invokeConfigurations(Invoker.java:211)
	at org.testng.internal.Invoker.invokeConfigurations(Invoker.java:138)
	at org.testng.TestRunner.afterRun(TestRunner.java:1023)
	at org.testng.TestRunner.run(TestRunner.java:628)
	at org.testng.SuiteRunner.runTest(SuiteRunner.java:359)
	at org.testng.SuiteRunner.runSequentially(SuiteRunner.java:354)
	at org.testng.SuiteRunner.privateRun(SuiteRunner.java:312)
	at org.testng.SuiteRunner.run(SuiteRunner.java:261)
	at org.testng.SuiteRunnerWorker.runSuite(SuiteRunnerWorker.java:52)
	at org.testng.SuiteRunnerWorker.run(SuiteRunnerWorker.java:86)
	at org.testng.TestNG.runSuitesSequentially(TestNG.java:1215)
	at org.testng.TestNG.runSuitesLocally(TestNG.java:1140)
	at org.testng.TestNG.run(TestNG.java:1048)
	at org.testng.remote.AbstractRemoteTestNG.run(AbstractRemoteTestNG.java:126)
	at org.testng.remote.RemoteTestNG.initAndRun(RemoteTestNG.java:152)
	at org.testng.remote.RemoteTestNG.main(RemoteTestNG.java:57)
</pre></div><a href='#' onClick='toggleBox("stack-trace1361817590", this, "Click to show all stack frames", "Click to hide stack frames")'>Click to show all stack frames</a>
<div class='stack-trace' id='stack-trace1361817590'><pre>java.lang.NullPointerException
	at com.epam.vyacheslav_utenkov.java.lesson7.advanced.YandexMailTest.closeBrowser(YandexMailTest.java:143)
	at sun.reflect.NativeMethodAccessorImpl.invoke0(Native Method)
	at sun.reflect.NativeMethodAccessorImpl.invoke(NativeMethodAccessorImpl.java:62)
	at sun.reflect.DelegatingMethodAccessorImpl.invoke(DelegatingMethodAccessorImpl.java:43)
	at java.lang.reflect.Method.invoke(Method.java:498)
	at org.testng.internal.MethodInvocationHelper.invokeMethod(MethodInvocationHelper.java:85)
	at org.testng.internal.Invoker.invokeConfigurationMethod(Invoker.java:510)
	at org.testng.internal.Invoker.invokeConfigurations(Invoker.java:211)
	at org.testng.internal.Invoker.invokeConfigurations(Invoker.java:138)
	at org.testng.TestRunner.afterRun(TestRunner.java:1023)
	at org.testng.TestRunner.run(TestRunner.java:628)
	at org.testng.SuiteRunner.runTest(SuiteRunner.java:359)
	at org.testng.SuiteRunner.runSequentially(SuiteRunner.java:354)
	at org.testng.SuiteRunner.privateRun(SuiteRunner.java:312)
	at org.testng.SuiteRunner.run(SuiteRunner.java:261)
	at org.testng.SuiteRunnerWorker.runSuite(SuiteRunnerWorker.java:52)
	at org.testng.SuiteRunnerWorker.run(SuiteRunnerWorker.java:86)
	at org.testng.TestNG.runSuitesSequentially(TestNG.java:1215)
	at org.testng.TestNG.runSuitesLocally(TestNG.java:1140)
	at org.testng.TestNG.run(TestNG.java:1048)
	at org.testng.remote.AbstractRemoteTestNG.run(AbstractRemoteTestNG.java:126)
	at org.testng.remote.RemoteTestNG.initAndRun(RemoteTestNG.java:152)
	at org.testng.remote.RemoteTestNG.main(RemoteTestNG.java:57)
</pre></div></td>
<td>0</td>
<td>null</td></tr>
</table><p>
<table width='100%' border='1' class='invocation-failed'>
<tr><td colspan='4' align='center'><b>FAILED TESTS</b></td></tr>
<tr><td><b>Test method</b></td>
<td width="30%"><b>Exception</b></td>
<td width="10%"><b>Time (seconds)</b></td>
<td><b>Instance</b></td>
</tr>
<tr>
<td title='com.epam.vyacheslav_utenkov.java.lesson7.advanced.YandexMailTest.sendMessagesTest()'><b>sendMessagesTest</b><br>Test class: com.epam.vyacheslav_utenkov.java.lesson7.advanced.YandexMailTest<br>Parameters: horns.and.hoovers@mail.ru:Just Test Message:Hello world!<br/>
<a href="#Output-1989132530" onClick='toggleBox("Output-1989132530", this, "Show output", "Hide output");'>Show output</a>

<a href="#Output-1989132530" onClick="toggleAllBoxes();">Show all outputs</a>
<div class='log' id="Output-1989132530">
INFO  com.epam.vyacheslav_utenkov.java.lesson7.advanced.YandexMailTest(1)=102: sendMessagesTest started<br><br/>
INFO  com.epam.vyacheslav_utenkov.java.lesson7.advanced.YandexMailTest(1)=105: main page is chanched to message page<br><br/>
INFO  com.epam.vyacheslav_utenkov.java.lesson7.advanced.YandexMailTest(1)=111: set addressee<br><br/>
INFO  com.epam.vyacheslav_utenkov.java.lesson7.advanced.YandexMailTest(1)=113: set subject<br><br/>
INFO  com.epam.vyacheslav_utenkov.java.lesson7.advanced.YandexMailTest(1)=115: set message<br><br/>
INFO  com.epam.vyacheslav_utenkov.java.lesson7.utils.ScreenShot(1)=25: <a href='screenshots/screenshot8751118717667892480.png'>See screenshot</a><br><br/>
INFO  com.epam.vyacheslav_utenkov.java.lesson7.utils.EventListener(1)=51: EventListener - onTestFailure<br><br/>
INFO  com.epam.vyacheslav_utenkov.java.lesson7.utils.EventListener(1)=26: EventListener - makeScreenShot/if2<br><br/>
INFO  com.epam.vyacheslav_utenkov.java.lesson7.utils.EventListener(1)=31: EventListener - makeScreenShot/if2/makeScreenShot<br><br/>
INFO  com.epam.vyacheslav_utenkov.java.lesson7.utils.ScreenShot(1)=25: <a href='screenshots/screenshot9046492179783603319.png'>Failed screen shot</a><br><br/>
</div>
</td>
<td><div><pre>org.openqa.selenium.TimeoutException: Timed out after 15 seconds waiting for com.epam.vyacheslav_utenkov.java.lesson7.ui.MessagePage$1@5ddcc487
Build info: version: &apos;2.53.1&apos;, revision: &apos;a36b8b1&apos;, time: &apos;2016-06-30 17:37:03&apos;
System info: host: &apos;EPRURYAW0075&apos;, ip: &apos;192.168.56.1&apos;, os.name: &apos;Windows 7&apos;, os.arch: &apos;amd64&apos;, os.version: &apos;6.1&apos;, java.version: &apos;1.8.0_92&apos;
Driver info: driver.version: unknown
	at org.openqa.selenium.support.ui.FluentWait.timeoutException(FluentWait.java:292)
	at org.openqa.selenium.support.ui.FluentWait.until(FluentWait.java:261)
	at com.epam.vyacheslav_utenkov.java.lesson7.ui.MessagePage.fluentWaitMethod(MessagePage.java:124)
	at com.epam.vyacheslav_utenkov.java.lesson7.ui.MessagePage.sendMessage(MessagePage.java:98)
	at com.epam.vyacheslav_utenkov.java.lesson7.advanced.YandexMailTest.sendMessagesTest(YandexMailTest.java:117)
	at sun.reflect.NativeMethodAccessorImpl.invoke0(Native Method)
	at sun.reflect.NativeMethodAccessorImpl.invoke(NativeMethodAccessorImpl.java:62)
	at sun.reflect.DelegatingMethodAccessorImpl.invoke(DelegatingMethodAccessorImpl.java:43)
	at java.lang.reflect.Method.invoke(Method.java:498)
	at org.testng.internal.MethodInvocationHelper.invokeMethod(MethodInvocationHelper.java:85)
	at org.testng.internal.Invoker.invokeMethod(Invoker.java:639)
	at org.testng.internal.Invoker.invokeTestMethod(Invoker.java:816)
	at org.testng.internal.Invoker.invokeTestMethods(Invoker.java:1124)
	at org.testng.internal.TestMethodWorker.invokeTestMethods(TestMethodWorker.java:125)
	at org.testng.internal.TestMethodWorker.run(TestMethodWorker.java:108)
	at org.testng.TestRunner.privateRun(TestRunner.java:774)
	at org.testng.TestRunner.run(TestRunner.java:624)
	at org.testng.SuiteRunner.runTest(SuiteRunner.java:359)
	at org.testng.SuiteRunner.runSequentially(SuiteRunner.java:354)
	at org.testng.SuiteRunner.privateRun(SuiteRunner.java:312)
	at org.testng.SuiteRunner.run(SuiteRunner.java:261)
	at org.testng.SuiteRunnerWorker.runSuite(SuiteRunnerWorker.java:52)
	at org.testng.SuiteRunnerWorker.run(SuiteRunnerWorker.java:86)
	at org.testng.TestNG.runSuitesSequentially(TestNG.java:1215)
	at org.testng.TestNG.runSuitesLocally(TestNG.java:1140)
	at org.testng.TestNG.run(TestNG.java:1048)
	at org.testng.remote.AbstractRemoteTestNG.run(AbstractRemoteTestNG.java:126)
	at org.testng.remote.RemoteTestNG.initAndRun(RemoteTestNG.java:152)
	at org.testng.remote.RemoteTestNG.main(RemoteTestNG.java:57)
</pre></div><a href='#' onClick='toggleBox("stack-trace1989132530", this, "Click to show all stack frames", "Click to hide stack frames")'>Click to show all stack frames</a>
<div class='stack-trace' id='stack-trace1989132530'><pre>org.openqa.selenium.TimeoutException: Timed out after 15 seconds waiting for com.epam.vyacheslav_utenkov.java.lesson7.ui.MessagePage$1@5ddcc487
Build info: version: &apos;2.53.1&apos;, revision: &apos;a36b8b1&apos;, time: &apos;2016-06-30 17:37:03&apos;
System info: host: &apos;EPRURYAW0075&apos;, ip: &apos;192.168.56.1&apos;, os.name: &apos;Windows 7&apos;, os.arch: &apos;amd64&apos;, os.version: &apos;6.1&apos;, java.version: &apos;1.8.0_92&apos;
Driver info: driver.version: unknown
	at org.openqa.selenium.support.ui.FluentWait.timeoutException(FluentWait.java:292)
	at org.openqa.selenium.support.ui.FluentWait.until(FluentWait.java:261)
	at com.epam.vyacheslav_utenkov.java.lesson7.ui.MessagePage.fluentWaitMethod(MessagePage.java:124)
	at com.epam.vyacheslav_utenkov.java.lesson7.ui.MessagePage.sendMessage(MessagePage.java:98)
	at com.epam.vyacheslav_utenkov.java.lesson7.advanced.YandexMailTest.sendMessagesTest(YandexMailTest.java:117)
	at sun.reflect.NativeMethodAccessorImpl.invoke0(Native Method)
	at sun.reflect.NativeMethodAccessorImpl.invoke(NativeMethodAccessorImpl.java:62)
	at sun.reflect.DelegatingMethodAccessorImpl.invoke(DelegatingMethodAccessorImpl.java:43)
	at java.lang.reflect.Method.invoke(Method.java:498)
	at org.testng.internal.MethodInvocationHelper.invokeMethod(MethodInvocationHelper.java:85)
	at org.testng.internal.Invoker.invokeMethod(Invoker.java:639)
	at org.testng.internal.Invoker.invokeTestMethod(Invoker.java:816)
	at org.testng.internal.Invoker.invokeTestMethods(Invoker.java:1124)
	at org.testng.internal.TestMethodWorker.invokeTestMethods(TestMethodWorker.java:125)
	at org.testng.internal.TestMethodWorker.run(TestMethodWorker.java:108)
	at org.testng.TestRunner.privateRun(TestRunner.java:774)
	at org.testng.TestRunner.run(TestRunner.java:624)
	at org.testng.SuiteRunner.runTest(SuiteRunner.java:359)
	at org.testng.SuiteRunner.runSequentially(SuiteRunner.java:354)
	at org.testng.SuiteRunner.privateRun(SuiteRunner.java:312)
	at org.testng.SuiteRunner.run(SuiteRunner.java:261)
	at org.testng.SuiteRunnerWorker.runSuite(SuiteRunnerWorker.java:52)
	at org.testng.SuiteRunnerWorker.run(SuiteRunnerWorker.java:86)
	at org.testng.TestNG.runSuitesSequentially(TestNG.java:1215)
	at org.testng.TestNG.runSuitesLocally(TestNG.java:1140)
	at org.testng.TestNG.run(TestNG.java:1048)
	at org.testng.remote.AbstractRemoteTestNG.run(AbstractRemoteTestNG.java:126)
	at org.testng.remote.RemoteTestNG.initAndRun(RemoteTestNG.java:152)
	at org.testng.remote.RemoteTestNG.main(RemoteTestNG.java:57)
</pre></div></td>
<td>29</td>
<td>com.epam.vyacheslav_utenkov.java.lesson7.advanced.YandexMailTest@352ff4da</td></tr>
<tr>
<td title='com.epam.vyacheslav_utenkov.java.lesson7.advanced.YandexMailTest.sendMessagesTest()'><b>sendMessagesTest</b><br>Test class: com.epam.vyacheslav_utenkov.java.lesson7.advanced.YandexMailTest<br>Parameters: horns.and@mail.ru:Just Test for Message2:This message do not have much sense!<br/>
<a href="#Output-519979933" onClick='toggleBox("Output-519979933", this, "Show output", "Hide output");'>Show output</a>

<a href="#Output-519979933" onClick="toggleAllBoxes();">Show all outputs</a>
<div class='log' id="Output-519979933">
INFO  com.epam.vyacheslav_utenkov.java.lesson7.advanced.YandexMailTest(1)=102: sendMessagesTest started<br><br/>
INFO  com.epam.vyacheslav_utenkov.java.lesson7.advanced.YandexMailTest(1)=105: main page is chanched to message page<br><br/>
INFO  com.epam.vyacheslav_utenkov.java.lesson7.advanced.YandexMailTest(1)=111: set addressee<br><br/>
INFO  com.epam.vyacheslav_utenkov.java.lesson7.advanced.YandexMailTest(1)=113: set subject<br><br/>
INFO  com.epam.vyacheslav_utenkov.java.lesson7.advanced.YandexMailTest(1)=115: set message<br><br/>
INFO  com.epam.vyacheslav_utenkov.java.lesson7.utils.ScreenShot(1)=25: <a href='screenshots/screenshot7527154237484391285.png'>See screenshot</a><br><br/>
INFO  com.epam.vyacheslav_utenkov.java.lesson7.utils.EventListener(1)=51: EventListener - onTestFailure<br><br/>
INFO  com.epam.vyacheslav_utenkov.java.lesson7.utils.EventListener(1)=26: EventListener - makeScreenShot/if2<br><br/>
INFO  com.epam.vyacheslav_utenkov.java.lesson7.utils.EventListener(1)=31: EventListener - makeScreenShot/if2/makeScreenShot<br><br/>
INFO  com.epam.vyacheslav_utenkov.java.lesson7.utils.ScreenShot(1)=25: <a href='screenshots/screenshot8637104315324959402.png'>Failed screen shot</a><br><br/>
</div>
</td>
<td><div><pre>org.openqa.selenium.TimeoutException: Timed out after 15 seconds waiting for com.epam.vyacheslav_utenkov.java.lesson7.ui.MessagePage$1@58ce9668
Build info: version: &apos;2.53.1&apos;, revision: &apos;a36b8b1&apos;, time: &apos;2016-06-30 17:37:03&apos;
System info: host: &apos;EPRURYAW0075&apos;, ip: &apos;192.168.56.1&apos;, os.name: &apos;Windows 7&apos;, os.arch: &apos;amd64&apos;, os.version: &apos;6.1&apos;, java.version: &apos;1.8.0_92&apos;
Driver info: driver.version: unknown
	at org.openqa.selenium.support.ui.FluentWait.timeoutException(FluentWait.java:292)
	at org.openqa.selenium.support.ui.FluentWait.until(FluentWait.java:261)
	at com.epam.vyacheslav_utenkov.java.lesson7.ui.MessagePage.fluentWaitMethod(MessagePage.java:124)
	at com.epam.vyacheslav_utenkov.java.lesson7.ui.MessagePage.sendMessage(MessagePage.java:98)
	at com.epam.vyacheslav_utenkov.java.lesson7.advanced.YandexMailTest.sendMessagesTest(YandexMailTest.java:117)
	at sun.reflect.NativeMethodAccessorImpl.invoke0(Native Method)
	at sun.reflect.NativeMethodAccessorImpl.invoke(NativeMethodAccessorImpl.java:62)
	at sun.reflect.DelegatingMethodAccessorImpl.invoke(DelegatingMethodAccessorImpl.java:43)
	at java.lang.reflect.Method.invoke(Method.java:498)
	at org.testng.internal.MethodInvocationHelper.invokeMethod(MethodInvocationHelper.java:85)
	at org.testng.internal.Invoker.invokeMethod(Invoker.java:639)
	at org.testng.internal.Invoker.invokeTestMethod(Invoker.java:816)
	at org.testng.internal.Invoker.invokeTestMethods(Invoker.java:1124)
	at org.testng.internal.TestMethodWorker.invokeTestMethods(TestMethodWorker.java:125)
	at org.testng.internal.TestMethodWorker.run(TestMethodWorker.java:108)
	at org.testng.TestRunner.privateRun(TestRunner.java:774)
	at org.testng.TestRunner.run(TestRunner.java:624)
	at org.testng.SuiteRunner.runTest(SuiteRunner.java:359)
	at org.testng.SuiteRunner.runSequentially(SuiteRunner.java:354)
	at org.testng.SuiteRunner.privateRun(SuiteRunner.java:312)
	at org.testng.SuiteRunner.run(SuiteRunner.java:261)
	at org.testng.SuiteRunnerWorker.runSuite(SuiteRunnerWorker.java:52)
	at org.testng.SuiteRunnerWorker.run(SuiteRunnerWorker.java:86)
	at org.testng.TestNG.runSuitesSequentially(TestNG.java:1215)
	at org.testng.TestNG.runSuitesLocally(TestNG.java:1140)
	at org.testng.TestNG.run(TestNG.java:1048)
	at org.testng.remote.AbstractRemoteTestNG.run(AbstractRemoteTestNG.java:126)
	at org.testng.remote.RemoteTestNG.initAndRun(RemoteTestNG.java:152)
	at org.testng.remote.RemoteTestNG.main(RemoteTestNG.java:57)
</pre></div><a href='#' onClick='toggleBox("stack-trace519979933", this, "Click to show all stack frames", "Click to hide stack frames")'>Click to show all stack frames</a>
<div class='stack-trace' id='stack-trace519979933'><pre>org.openqa.selenium.TimeoutException: Timed out after 15 seconds waiting for com.epam.vyacheslav_utenkov.java.lesson7.ui.MessagePage$1@58ce9668
Build info: version: &apos;2.53.1&apos;, revision: &apos;a36b8b1&apos;, time: &apos;2016-06-30 17:37:03&apos;
System info: host: &apos;EPRURYAW0075&apos;, ip: &apos;192.168.56.1&apos;, os.name: &apos;Windows 7&apos;, os.arch: &apos;amd64&apos;, os.version: &apos;6.1&apos;, java.version: &apos;1.8.0_92&apos;
Driver info: driver.version: unknown
	at org.openqa.selenium.support.ui.FluentWait.timeoutException(FluentWait.java:292)
	at org.openqa.selenium.support.ui.FluentWait.until(FluentWait.java:261)
	at com.epam.vyacheslav_utenkov.java.lesson7.ui.MessagePage.fluentWaitMethod(MessagePage.java:124)
	at com.epam.vyacheslav_utenkov.java.lesson7.ui.MessagePage.sendMessage(MessagePage.java:98)
	at com.epam.vyacheslav_utenkov.java.lesson7.advanced.YandexMailTest.sendMessagesTest(YandexMailTest.java:117)
	at sun.reflect.NativeMethodAccessorImpl.invoke0(Native Method)
	at sun.reflect.NativeMethodAccessorImpl.invoke(NativeMethodAccessorImpl.java:62)
	at sun.reflect.DelegatingMethodAccessorImpl.invoke(DelegatingMethodAccessorImpl.java:43)
	at java.lang.reflect.Method.invoke(Method.java:498)
	at org.testng.internal.MethodInvocationHelper.invokeMethod(MethodInvocationHelper.java:85)
	at org.testng.internal.Invoker.invokeMethod(Invoker.java:639)
	at org.testng.internal.Invoker.invokeTestMethod(Invoker.java:816)
	at org.testng.internal.Invoker.invokeTestMethods(Invoker.java:1124)
	at org.testng.internal.TestMethodWorker.invokeTestMethods(TestMethodWorker.java:125)
	at org.testng.internal.TestMethodWorker.run(TestMethodWorker.java:108)
	at org.testng.TestRunner.privateRun(TestRunner.java:774)
	at org.testng.TestRunner.run(TestRunner.java:624)
	at org.testng.SuiteRunner.runTest(SuiteRunner.java:359)
	at org.testng.SuiteRunner.runSequentially(SuiteRunner.java:354)
	at org.testng.SuiteRunner.privateRun(SuiteRunner.java:312)
	at org.testng.SuiteRunner.run(SuiteRunner.java:261)
	at org.testng.SuiteRunnerWorker.runSuite(SuiteRunnerWorker.java:52)
	at org.testng.SuiteRunnerWorker.run(SuiteRunnerWorker.java:86)
	at org.testng.TestNG.runSuitesSequentially(TestNG.java:1215)
	at org.testng.TestNG.runSuitesLocally(TestNG.java:1140)
	at org.testng.TestNG.run(TestNG.java:1048)
	at org.testng.remote.AbstractRemoteTestNG.run(AbstractRemoteTestNG.java:126)
	at org.testng.remote.RemoteTestNG.initAndRun(RemoteTestNG.java:152)
	at org.testng.remote.RemoteTestNG.main(RemoteTestNG.java:57)
</pre></div></td>
<td>20</td>
<td>com.epam.vyacheslav_utenkov.java.lesson7.advanced.YandexMailTest@352ff4da</td></tr>
<tr>
<td title='com.epam.vyacheslav_utenkov.java.lesson7.advanced.YandexMailTest.sendMessagesTest()'><b>sendMessagesTest</b><br>Test class: com.epam.vyacheslav_utenkov.java.lesson7.advanced.YandexMailTest<br>Parameters: horns@mail.ru:Just Test Message3:I am tired to think about message text!<br/>
<a href="#Output-1375394559" onClick='toggleBox("Output-1375394559", this, "Show output", "Hide output");'>Show output</a>

<a href="#Output-1375394559" onClick="toggleAllBoxes();">Show all outputs</a>
<div class='log' id="Output-1375394559">
INFO  com.epam.vyacheslav_utenkov.java.lesson7.advanced.YandexMailTest(1)=102: sendMessagesTest started<br><br/>
INFO  com.epam.vyacheslav_utenkov.java.lesson7.advanced.YandexMailTest(1)=105: main page is chanched to message page<br><br/>
INFO  com.epam.vyacheslav_utenkov.java.lesson7.advanced.YandexMailTest(1)=111: set addressee<br><br/>
INFO  com.epam.vyacheslav_utenkov.java.lesson7.advanced.YandexMailTest(1)=113: set subject<br><br/>
INFO  com.epam.vyacheslav_utenkov.java.lesson7.advanced.YandexMailTest(1)=115: set message<br><br/>
INFO  com.epam.vyacheslav_utenkov.java.lesson7.utils.ScreenShot(1)=25: <a href='screenshots/screenshot340671676059475000.png'>See screenshot</a><br><br/>
INFO  com.epam.vyacheslav_utenkov.java.lesson7.utils.EventListener(1)=51: EventListener - onTestFailure<br><br/>
INFO  com.epam.vyacheslav_utenkov.java.lesson7.utils.EventListener(1)=26: EventListener - makeScreenShot/if2<br><br/>
INFO  com.epam.vyacheslav_utenkov.java.lesson7.utils.EventListener(1)=31: EventListener - makeScreenShot/if2/makeScreenShot<br><br/>
INFO  com.epam.vyacheslav_utenkov.java.lesson7.utils.ScreenShot(1)=25: <a href='screenshots/screenshot3031126147490147277.png'>Failed screen shot</a><br><br/>
</div>
</td>
<td><div><pre>org.openqa.selenium.TimeoutException: Timed out after 15 seconds waiting for com.epam.vyacheslav_utenkov.java.lesson7.ui.MessagePage$1@7efaad5a
Build info: version: &apos;2.53.1&apos;, revision: &apos;a36b8b1&apos;, time: &apos;2016-06-30 17:37:03&apos;
System info: host: &apos;EPRURYAW0075&apos;, ip: &apos;192.168.56.1&apos;, os.name: &apos;Windows 7&apos;, os.arch: &apos;amd64&apos;, os.version: &apos;6.1&apos;, java.version: &apos;1.8.0_92&apos;
Driver info: driver.version: unknown
	at org.openqa.selenium.support.ui.FluentWait.timeoutException(FluentWait.java:292)
	at org.openqa.selenium.support.ui.FluentWait.until(FluentWait.java:261)
	at com.epam.vyacheslav_utenkov.java.lesson7.ui.MessagePage.fluentWaitMethod(MessagePage.java:124)
	at com.epam.vyacheslav_utenkov.java.lesson7.ui.MessagePage.sendMessage(MessagePage.java:98)
	at com.epam.vyacheslav_utenkov.java.lesson7.advanced.YandexMailTest.sendMessagesTest(YandexMailTest.java:117)
	at sun.reflect.NativeMethodAccessorImpl.invoke0(Native Method)
	at sun.reflect.NativeMethodAccessorImpl.invoke(NativeMethodAccessorImpl.java:62)
	at sun.reflect.DelegatingMethodAccessorImpl.invoke(DelegatingMethodAccessorImpl.java:43)
	at java.lang.reflect.Method.invoke(Method.java:498)
	at org.testng.internal.MethodInvocationHelper.invokeMethod(MethodInvocationHelper.java:85)
	at org.testng.internal.Invoker.invokeMethod(Invoker.java:639)
	at org.testng.internal.Invoker.invokeTestMethod(Invoker.java:816)
	at org.testng.internal.Invoker.invokeTestMethods(Invoker.java:1124)
	at org.testng.internal.TestMethodWorker.invokeTestMethods(TestMethodWorker.java:125)
	at org.testng.internal.TestMethodWorker.run(TestMethodWorker.java:108)
	at org.testng.TestRunner.privateRun(TestRunner.java:774)
	at org.testng.TestRunner.run(TestRunner.java:624)
	at org.testng.SuiteRunner.runTest(SuiteRunner.java:359)
	at org.testng.SuiteRunner.runSequentially(SuiteRunner.java:354)
	at org.testng.SuiteRunner.privateRun(SuiteRunner.java:312)
	at org.testng.SuiteRunner.run(SuiteRunner.java:261)
	at org.testng.SuiteRunnerWorker.runSuite(SuiteRunnerWorker.java:52)
	at org.testng.SuiteRunnerWorker.run(SuiteRunnerWorker.java:86)
	at org.testng.TestNG.runSuitesSequentially(TestNG.java:1215)
	at org.testng.TestNG.runSuitesLocally(TestNG.java:1140)
	at org.testng.TestNG.run(TestNG.java:1048)
	at org.testng.remote.AbstractRemoteTestNG.run(AbstractRemoteTestNG.java:126)
	at org.testng.remote.RemoteTestNG.initAndRun(RemoteTestNG.java:152)
	at org.testng.remote.RemoteTestNG.main(RemoteTestNG.java:57)
</pre></div><a href='#' onClick='toggleBox("stack-trace1375394559", this, "Click to show all stack frames", "Click to hide stack frames")'>Click to show all stack frames</a>
<div class='stack-trace' id='stack-trace1375394559'><pre>org.openqa.selenium.TimeoutException: Timed out after 15 seconds waiting for com.epam.vyacheslav_utenkov.java.lesson7.ui.MessagePage$1@7efaad5a
Build info: version: &apos;2.53.1&apos;, revision: &apos;a36b8b1&apos;, time: &apos;2016-06-30 17:37:03&apos;
System info: host: &apos;EPRURYAW0075&apos;, ip: &apos;192.168.56.1&apos;, os.name: &apos;Windows 7&apos;, os.arch: &apos;amd64&apos;, os.version: &apos;6.1&apos;, java.version: &apos;1.8.0_92&apos;
Driver info: driver.version: unknown
	at org.openqa.selenium.support.ui.FluentWait.timeoutException(FluentWait.java:292)
	at org.openqa.selenium.support.ui.FluentWait.until(FluentWait.java:261)
	at com.epam.vyacheslav_utenkov.java.lesson7.ui.MessagePage.fluentWaitMethod(MessagePage.java:124)
	at com.epam.vyacheslav_utenkov.java.lesson7.ui.MessagePage.sendMessage(MessagePage.java:98)
	at com.epam.vyacheslav_utenkov.java.lesson7.advanced.YandexMailTest.sendMessagesTest(YandexMailTest.java:117)
	at sun.reflect.NativeMethodAccessorImpl.invoke0(Native Method)
	at sun.reflect.NativeMethodAccessorImpl.invoke(NativeMethodAccessorImpl.java:62)
	at sun.reflect.DelegatingMethodAccessorImpl.invoke(DelegatingMethodAccessorImpl.java:43)
	at java.lang.reflect.Method.invoke(Method.java:498)
	at org.testng.internal.MethodInvocationHelper.invokeMethod(MethodInvocationHelper.java:85)
	at org.testng.internal.Invoker.invokeMethod(Invoker.java:639)
	at org.testng.internal.Invoker.invokeTestMethod(Invoker.java:816)
	at org.testng.internal.Invoker.invokeTestMethods(Invoker.java:1124)
	at org.testng.internal.TestMethodWorker.invokeTestMethods(TestMethodWorker.java:125)
	at org.testng.internal.TestMethodWorker.run(TestMethodWorker.java:108)
	at org.testng.TestRunner.privateRun(TestRunner.java:774)
	at org.testng.TestRunner.run(TestRunner.java:624)
	at org.testng.SuiteRunner.runTest(SuiteRunner.java:359)
	at org.testng.SuiteRunner.runSequentially(SuiteRunner.java:354)
	at org.testng.SuiteRunner.privateRun(SuiteRunner.java:312)
	at org.testng.SuiteRunner.run(SuiteRunner.java:261)
	at org.testng.SuiteRunnerWorker.runSuite(SuiteRunnerWorker.java:52)
	at org.testng.SuiteRunnerWorker.run(SuiteRunnerWorker.java:86)
	at org.testng.TestNG.runSuitesSequentially(TestNG.java:1215)
	at org.testng.TestNG.runSuitesLocally(TestNG.java:1140)
	at org.testng.TestNG.run(TestNG.java:1048)
	at org.testng.remote.AbstractRemoteTestNG.run(AbstractRemoteTestNG.java:126)
	at org.testng.remote.RemoteTestNG.initAndRun(RemoteTestNG.java:152)
	at org.testng.remote.RemoteTestNG.main(RemoteTestNG.java:57)
</pre></div></td>
<td>19</td>
<td>com.epam.vyacheslav_utenkov.java.lesson7.advanced.YandexMailTest@352ff4da</td></tr>
</table><p>
<table width='100%' border='1' class='invocation-passed'>
<tr><td colspan='4' align='center'><b>PASSED TESTS</b></td></tr>
<tr><td><b>Test method</b></td>
<td width="30%"><b>Exception</b></td>
<td width="10%"><b>Time (seconds)</b></td>
<td><b>Instance</b></td>
</tr>
<tr>
<td title='com.epam.vyacheslav_utenkov.java.lesson7.advanced.YandexMailTest.loginTest()'><b>loginTest</b><br>Test class: com.epam.vyacheslav_utenkov.java.lesson7.advanced.YandexMailTest<br>Parameters: vyacheslav.utenkov1990@yandex.ru:123456789spll<br/>
<a href="#Output-1080476785" onClick='toggleBox("Output-1080476785", this, "Show output", "Hide output");'>Show output</a>

<a href="#Output-1080476785" onClick="toggleAllBoxes();">Show all outputs</a>
<div class='log' id="Output-1080476785">
INFO  com.epam.vyacheslav_utenkov.java.lesson7.advanced.YandexMailTest(1)=79: Start login<br><br/>
INFO  com.epam.vyacheslav_utenkov.java.lesson7.advanced.YandexMailTest(1)=86: Set default URL<br><br/>
INFO  com.epam.vyacheslav_utenkov.java.lesson7.advanced.YandexMailTest(1)=92: account was initialized<br><br/>
INFO  com.epam.vyacheslav_utenkov.java.lesson7.advanced.YandexMailTest(1)=95: return login page<br><br/>
INFO  com.epam.vyacheslav_utenkov.java.lesson7.utils.EventListener(1)=66: EventListener - onTestSuccess<br><br/>
INFO  com.epam.vyacheslav_utenkov.java.lesson7.utils.EventListener(1)=26: EventListener - makeScreenShot/if2<br><br/>
INFO  com.epam.vyacheslav_utenkov.java.lesson7.utils.EventListener(1)=31: EventListener - makeScreenShot/if2/makeScreenShot<br><br/>
INFO  com.epam.vyacheslav_utenkov.java.lesson7.utils.ScreenShot(1)=25: <a href='screenshots/screenshot6098657980884474561.png'>Success screen shot</a><br><br/>
</div>
</td>
<td></td>
<td>4</td>
<td>com.epam.vyacheslav_utenkov.java.lesson7.advanced.YandexMailTest@352ff4da</td></tr>
</table><p>
<table width='100%' border='1' class='invocation-skipped'>
<tr><td colspan='4' align='center'><b>SKIPPED TESTS</b></td></tr>
<tr><td><b>Test method</b></td>
<td width="30%"><b>Exception</b></td>
<td width="10%"><b>Time (seconds)</b></td>
<td><b>Instance</b></td>
</tr>
<tr>
<td title='com.epam.vyacheslav_utenkov.java.lesson7.advanced.YandexMailTest.deleteMessage()'><b>deleteMessage</b><br>Test class: com.epam.vyacheslav_utenkov.java.lesson7.advanced.YandexMailTest</td>
<td><div><pre>java.lang.Throwable: Method YandexMailTest.deleteMessage(java.lang.String)[pri:0, instance:com.epam.vyacheslav_utenkov.java.lesson7.advanced.YandexMailTest@352ff4da] depends on not successfully finished methods
	at org.testng.internal.Invoker.invokeTestMethods(Invoker.java:1033)
	at org.testng.internal.TestMethodWorker.invokeTestMethods(TestMethodWorker.java:125)
	at org.testng.internal.TestMethodWorker.run(TestMethodWorker.java:108)
	at org.testng.TestRunner.privateRun(TestRunner.java:774)
	at org.testng.TestRunner.run(TestRunner.java:624)
	at org.testng.SuiteRunner.runTest(SuiteRunner.java:359)
	at org.testng.SuiteRunner.runSequentially(SuiteRunner.java:354)
	at org.testng.SuiteRunner.privateRun(SuiteRunner.java:312)
	at org.testng.SuiteRunner.run(SuiteRunner.java:261)
	at org.testng.SuiteRunnerWorker.runSuite(SuiteRunnerWorker.java:52)
	at org.testng.SuiteRunnerWorker.run(SuiteRunnerWorker.java:86)
	at org.testng.TestNG.runSuitesSequentially(TestNG.java:1215)
	at org.testng.TestNG.runSuitesLocally(TestNG.java:1140)
	at org.testng.TestNG.run(TestNG.java:1048)
	at org.testng.remote.AbstractRemoteTestNG.run(AbstractRemoteTestNG.java:126)
	at org.testng.remote.RemoteTestNG.initAndRun(RemoteTestNG.java:152)
	at org.testng.remote.RemoteTestNG.main(RemoteTestNG.java:57)
</pre></div><a href='#' onClick='toggleBox("stack-trace45822040", this, "Click to show all stack frames", "Click to hide stack frames")'>Click to show all stack frames</a>
<div class='stack-trace' id='stack-trace45822040'><pre>java.lang.Throwable: Method YandexMailTest.deleteMessage(java.lang.String)[pri:0, instance:com.epam.vyacheslav_utenkov.java.lesson7.advanced.YandexMailTest@352ff4da] depends on not successfully finished methods
	at org.testng.internal.Invoker.invokeTestMethods(Invoker.java:1033)
	at org.testng.internal.TestMethodWorker.invokeTestMethods(TestMethodWorker.java:125)
	at org.testng.internal.TestMethodWorker.run(TestMethodWorker.java:108)
	at org.testng.TestRunner.privateRun(TestRunner.java:774)
	at org.testng.TestRunner.run(TestRunner.java:624)
	at org.testng.SuiteRunner.runTest(SuiteRunner.java:359)
	at org.testng.SuiteRunner.runSequentially(SuiteRunner.java:354)
	at org.testng.SuiteRunner.privateRun(SuiteRunner.java:312)
	at org.testng.SuiteRunner.run(SuiteRunner.java:261)
	at org.testng.SuiteRunnerWorker.runSuite(SuiteRunnerWorker.java:52)
	at org.testng.SuiteRunnerWorker.run(SuiteRunnerWorker.java:86)
	at org.testng.TestNG.runSuitesSequentially(TestNG.java:1215)
	at org.testng.TestNG.runSuitesLocally(TestNG.java:1140)
	at org.testng.TestNG.run(TestNG.java:1048)
	at org.testng.remote.AbstractRemoteTestNG.run(AbstractRemoteTestNG.java:126)
	at org.testng.remote.RemoteTestNG.initAndRun(RemoteTestNG.java:152)
	at org.testng.remote.RemoteTestNG.main(RemoteTestNG.java:57)
</pre></div></td>
<td>0</td>
<td>null</td></tr>
<tr>
<td title='com.epam.vyacheslav_utenkov.java.lesson7.advanced.YandexMailTest.getException()'><b>getException</b><br>Test class: com.epam.vyacheslav_utenkov.java.lesson7.advanced.YandexMailTest</td>
<td><div><pre>java.lang.Throwable: Method YandexMailTest.getException()[pri:0, instance:com.epam.vyacheslav_utenkov.java.lesson7.advanced.YandexMailTest@352ff4da] depends on not successfully finished methods
	at org.testng.internal.Invoker.invokeTestMethods(Invoker.java:1033)
	at org.testng.internal.TestMethodWorker.invokeTestMethods(TestMethodWorker.java:125)
	at org.testng.internal.TestMethodWorker.run(TestMethodWorker.java:108)
	at org.testng.TestRunner.privateRun(TestRunner.java:774)
	at org.testng.TestRunner.run(TestRunner.java:624)
	at org.testng.SuiteRunner.runTest(SuiteRunner.java:359)
	at org.testng.SuiteRunner.runSequentially(SuiteRunner.java:354)
	at org.testng.SuiteRunner.privateRun(SuiteRunner.java:312)
	at org.testng.SuiteRunner.run(SuiteRunner.java:261)
	at org.testng.SuiteRunnerWorker.runSuite(SuiteRunnerWorker.java:52)
	at org.testng.SuiteRunnerWorker.run(SuiteRunnerWorker.java:86)
	at org.testng.TestNG.runSuitesSequentially(TestNG.java:1215)
	at org.testng.TestNG.runSuitesLocally(TestNG.java:1140)
	at org.testng.TestNG.run(TestNG.java:1048)
	at org.testng.remote.AbstractRemoteTestNG.run(AbstractRemoteTestNG.java:126)
	at org.testng.remote.RemoteTestNG.initAndRun(RemoteTestNG.java:152)
	at org.testng.remote.RemoteTestNG.main(RemoteTestNG.java:57)
</pre></div><a href='#' onClick='toggleBox("stack-trace1256837057", this, "Click to show all stack frames", "Click to hide stack frames")'>Click to show all stack frames</a>
<div class='stack-trace' id='stack-trace1256837057'><pre>java.lang.Throwable: Method YandexMailTest.getException()[pri:0, instance:com.epam.vyacheslav_utenkov.java.lesson7.advanced.YandexMailTest@352ff4da] depends on not successfully finished methods
	at org.testng.internal.Invoker.invokeTestMethods(Invoker.java:1033)
	at org.testng.internal.TestMethodWorker.invokeTestMethods(TestMethodWorker.java:125)
	at org.testng.internal.TestMethodWorker.run(TestMethodWorker.java:108)
	at org.testng.TestRunner.privateRun(TestRunner.java:774)
	at org.testng.TestRunner.run(TestRunner.java:624)
	at org.testng.SuiteRunner.runTest(SuiteRunner.java:359)
	at org.testng.SuiteRunner.runSequentially(SuiteRunner.java:354)
	at org.testng.SuiteRunner.privateRun(SuiteRunner.java:312)
	at org.testng.SuiteRunner.run(SuiteRunner.java:261)
	at org.testng.SuiteRunnerWorker.runSuite(SuiteRunnerWorker.java:52)
	at org.testng.SuiteRunnerWorker.run(SuiteRunnerWorker.java:86)
	at org.testng.TestNG.runSuitesSequentially(TestNG.java:1215)
	at org.testng.TestNG.runSuitesLocally(TestNG.java:1140)
	at org.testng.TestNG.run(TestNG.java:1048)
	at org.testng.remote.AbstractRemoteTestNG.run(AbstractRemoteTestNG.java:126)
	at org.testng.remote.RemoteTestNG.initAndRun(RemoteTestNG.java:152)
	at org.testng.remote.RemoteTestNG.main(RemoteTestNG.java:57)
</pre></div></td>
<td>0</td>
<td>null</td></tr>
</table><p>
</body>
</html>