<!DOCTYPE html PUBLIC "-//W3C//DTD XHTML 1.1//EN" "http://www.w3.org/TR/xhtml11/DTD/xhtml11.dtd">
<html xmlns="http://www.w3.org/1999/xhtml"><head><title>TestNG Report</title><style type="text/css">table {margin-bottom:10px;border-collapse:collapse;empty-cells:show}th,td {border:1px solid #009;padding:.25em .5em}th {vertical-align:bottom}td {vertical-align:top}table a {font-weight:bold}.stripe td {background-color: #E6EBF9}.num {text-align:right}.passedodd td {background-color: #3F3}.passedeven td {background-color: #0A0}.skippedodd td {background-color: #DDD}.skippedeven td {background-color: #CCC}.failedodd td,.attn {background-color: #F33}.failedeven td,.stripe .attn {background-color: #D00}.stacktrace {white-space:pre;font-family:monospace}.totop {font-size:85%;text-align:center;border-bottom:2px solid #000}</style></head><body><table><tr><th>Test</th><th># Passed</th><th># Skipped</th><th># Failed</th><th>Time (ms)</th><th>Included Groups</th><th>Excluded Groups</th></tr><tr><th colspan="7">Default suite</th></tr><tr><td><a href="#t0">Default test</a></td><td class="num">1</td><td class="num attn">2</td><td class="num attn">3</td><td class="num">73,757</td><td></td><td></td></tr></table><table><thead><tr><th>Class</th><th>Method</th><th>Start</th><th>Time (ms)</th></tr></thead><tbody><tr><th colspan="4">Default suite</th></tr></tbody><tbody id="t0"><tr><th colspan="4">Default test &#8212; failed (configuration methods)</th></tr><tr class="failedeven"><td rowspan="1">com.epam.vyacheslav_utenkov.java.lesson7.advanced.YandexMailTest</td><td><a href="#m0">closeBrowser</a></td><td rowspan="1">1474976281429</td><td rowspan="1">0</td></tr><tr><th colspan="4">Default test &#8212; failed</th></tr><tr class="failedeven"><td rowspan="3">com.epam.vyacheslav_utenkov.java.lesson7.advanced.YandexMailTest</td><td><a href="#m1">sendMessagesTest</a></td><td rowspan="3">1474976237184</td><td rowspan="3">20136</td></tr><tr class="failedeven"><td><a href="#m2">sendMessagesTest</a></td></tr><tr class="failedeven"><td><a href="#m3">sendMessagesTest</a></td></tr><tr><th colspan="4">Default test &#8212; skipped</th></tr><tr class="skippedeven"><td rowspan="2">com.epam.vyacheslav_utenkov.java.lesson7.advanced.YandexMailTest</td><td><a href="#m4">deleteMessage</a></td><td rowspan="1">1474976280654</td><td rowspan="1">0</td></tr><tr class="skippedeven"><td><a href="#m5">getException</a></td><td rowspan="1">1474976281047</td><td rowspan="1">0</td></tr><tr><th colspan="4">Default test &#8212; passed</th></tr><tr class="passedeven"><td rowspan="1">com.epam.vyacheslav_utenkov.java.lesson7.advanced.YandexMailTest</td><td><a href="#m6">loginTest</a></td><td rowspan="1">1474976207719</td><td rowspan="1">5324</td></tr></tbody></table><h2>Default test</h2><h3 id="m0">com.epam.vyacheslav_utenkov.java.lesson7.advanced.YandexMailTest#closeBrowser</h3><table class="result"><tr><th>Exception</th></tr><tr><td><div class="stacktrace">java.lang.NullPointerException
	at com.epam.vyacheslav_utenkov.java.lesson7.advanced.YandexMailTest.closeBrowser(YandexMailTest.java:143)
	at sun.reflect.NativeMethodAccessorImpl.invoke0(Native Method)
	at sun.reflect.NativeMethodAccessorImpl.invoke(NativeMethodAccessorImpl.java:62)
	at sun.reflect.DelegatingMethodAccessorImpl.invoke(DelegatingMethodAccessorImpl.java:43)
	at java.lang.reflect.Method.invoke(Method.java:498)
	at org.testng.internal.MethodInvocationHelper.invokeMethod(MethodInvocationHelper.java:85)
	at org.testng.internal.Invoker.invokeConfigurationMethod(Invoker.java:510)
	at org.testng.internal.Invoker.invokeConfigurations(Invoker.java:211)
	at org.testng.internal.Invoker.invokeConfigurations(Invoker.java:138)
	at org.testng.TestRunner.afterRun(TestRunner.java:1023)
	at org.testng.TestRunner.run(TestRunner.java:628)
	at org.testng.SuiteRunner.runTest(SuiteRunner.java:359)
	at org.testng.SuiteRunner.runSequentially(SuiteRunner.java:354)
	at org.testng.SuiteRunner.privateRun(SuiteRunner.java:312)
	at org.testng.SuiteRunner.run(SuiteRunner.java:261)
	at org.testng.SuiteRunnerWorker.runSuite(SuiteRunnerWorker.java:52)
	at org.testng.SuiteRunnerWorker.run(SuiteRunnerWorker.java:86)
	at org.testng.TestNG.runSuitesSequentially(TestNG.java:1215)
	at org.testng.TestNG.runSuitesLocally(TestNG.java:1140)
	at org.testng.TestNG.run(TestNG.java:1048)
	at org.testng.remote.AbstractRemoteTestNG.run(AbstractRemoteTestNG.java:126)
	at org.testng.remote.RemoteTestNG.initAndRun(RemoteTestNG.java:152)
	at org.testng.remote.RemoteTestNG.main(RemoteTestNG.java:57)
</div></td></tr></table><p class="totop"><a href="#summary">back to summary</a></p><h3 id="m1">com.epam.vyacheslav_utenkov.java.lesson7.advanced.YandexMailTest#sendMessagesTest</h3><table class="result"><tr class="param"><th>Parameter #1</th></tr><tr class="param stripe"><td>horns.and@mail.ru:Just Test for Message2:This message do not have much sense!</td></tr><tr><th>Messages</th></tr><tr><td><div class="messages">INFO  com.epam.vyacheslav_utenkov.java.lesson7.advanced.YandexMailTest(1)=102: sendMessagesTest started&lt;br&gt;<br/>INFO  com.epam.vyacheslav_utenkov.java.lesson7.advanced.YandexMailTest(1)=105: main page is chanched to message page&lt;br&gt;<br/>INFO  com.epam.vyacheslav_utenkov.java.lesson7.advanced.YandexMailTest(1)=111: set addressee&lt;br&gt;<br/>INFO  com.epam.vyacheslav_utenkov.java.lesson7.advanced.YandexMailTest(1)=113: set subject&lt;br&gt;<br/>INFO  com.epam.vyacheslav_utenkov.java.lesson7.advanced.YandexMailTest(1)=115: set message&lt;br&gt;<br/>INFO  com.epam.vyacheslav_utenkov.java.lesson7.utils.ScreenShot(1)=25: &lt;a href=&apos;screenshots/screenshot101073703176767231.png&apos;&gt;See screenshot&lt;/a&gt;&lt;br&gt;<br/>INFO  com.epam.vyacheslav_utenkov.java.lesson7.utils.EventListener(1)=51: EventListener - onTestFailure&lt;br&gt;<br/>INFO  com.epam.vyacheslav_utenkov.java.lesson7.utils.EventListener(1)=26: EventListener - makeScreenShot/if2&lt;br&gt;<br/>INFO  com.epam.vyacheslav_utenkov.java.lesson7.utils.EventListener(1)=31: EventListener - makeScreenShot/if2/makeScreenShot&lt;br&gt;<br/>INFO  com.epam.vyacheslav_utenkov.java.lesson7.utils.ScreenShot(1)=25: &lt;a href=&apos;screenshots/screenshot4619145629722033684.png&apos;&gt;Failed screen shot&lt;/a&gt;&lt;br&gt;</div></td></tr><tr><th>Exception</th></tr><tr><td><div class="stacktrace">org.openqa.selenium.TimeoutException: Timed out after 15 seconds waiting for com.epam.vyacheslav_utenkov.java.lesson7.ui.MessagePage$1@58ce9668
Build info: version: &apos;2.53.1&apos;, revision: &apos;a36b8b1&apos;, time: &apos;2016-06-30 17:37:03&apos;
System info: host: &apos;EPRURYAW0075&apos;, ip: &apos;192.168.56.1&apos;, os.name: &apos;Windows 7&apos;, os.arch: &apos;amd64&apos;, os.version: &apos;6.1&apos;, java.version: &apos;1.8.0_92&apos;
Driver info: driver.version: unknown
	at org.openqa.selenium.support.ui.FluentWait.timeoutException(FluentWait.java:292)
	at org.openqa.selenium.support.ui.FluentWait.until(FluentWait.java:261)
	at com.epam.vyacheslav_utenkov.java.lesson7.ui.MessagePage.fluentWaitMethod(MessagePage.java:124)
	at com.epam.vyacheslav_utenkov.java.lesson7.ui.MessagePage.sendMessage(MessagePage.java:98)
	at com.epam.vyacheslav_utenkov.java.lesson7.advanced.YandexMailTest.sendMessagesTest(YandexMailTest.java:117)
	at sun.reflect.NativeMethodAccessorImpl.invoke0(Native Method)
	at sun.reflect.NativeMethodAccessorImpl.invoke(NativeMethodAccessorImpl.java:62)
	at sun.reflect.DelegatingMethodAccessorImpl.invoke(DelegatingMethodAccessorImpl.java:43)
	at java.lang.reflect.Method.invoke(Method.java:498)
	at org.testng.internal.MethodInvocationHelper.invokeMethod(MethodInvocationHelper.java:85)
	at org.testng.internal.Invoker.invokeMethod(Invoker.java:639)
	at org.testng.internal.Invoker.invokeTestMethod(Invoker.java:816)
	at org.testng.internal.Invoker.invokeTestMethods(Invoker.java:1124)
	at org.testng.internal.TestMethodWorker.invokeTestMethods(TestMethodWorker.java:125)
	at org.testng.internal.TestMethodWorker.run(TestMethodWorker.java:108)
	at org.testng.TestRunner.privateRun(TestRunner.java:774)
	at org.testng.TestRunner.run(TestRunner.java:624)
	at org.testng.SuiteRunner.runTest(SuiteRunner.java:359)
	at org.testng.SuiteRunner.runSequentially(SuiteRunner.java:354)
	at org.testng.SuiteRunner.privateRun(SuiteRunner.java:312)
	at org.testng.SuiteRunner.run(SuiteRunner.java:261)
	at org.testng.SuiteRunnerWorker.runSuite(SuiteRunnerWorker.java:52)
	at org.testng.SuiteRunnerWorker.run(SuiteRunnerWorker.java:86)
	at org.testng.TestNG.runSuitesSequentially(TestNG.java:1215)
	at org.testng.TestNG.runSuitesLocally(TestNG.java:1140)
	at org.testng.TestNG.run(TestNG.java:1048)
	at org.testng.remote.AbstractRemoteTestNG.run(AbstractRemoteTestNG.java:126)
	at org.testng.remote.RemoteTestNG.initAndRun(RemoteTestNG.java:152)
	at org.testng.remote.RemoteTestNG.main(RemoteTestNG.java:57)
</div></td></tr></table><p class="totop"><a href="#summary">back to summary</a></p><h3 id="m2">com.epam.vyacheslav_utenkov.java.lesson7.advanced.YandexMailTest#sendMessagesTest</h3><table class="result"><tr class="param"><th>Parameter #1</th></tr><tr class="param stripe"><td>horns@mail.ru:Just Test Message3:I am tired to think about message text!</td></tr><tr><th>Messages</th></tr><tr><td><div class="messages">INFO  com.epam.vyacheslav_utenkov.java.lesson7.advanced.YandexMailTest(1)=102: sendMessagesTest started&lt;br&gt;<br/>INFO  com.epam.vyacheslav_utenkov.java.lesson7.advanced.YandexMailTest(1)=105: main page is chanched to message page&lt;br&gt;<br/>INFO  com.epam.vyacheslav_utenkov.java.lesson7.advanced.YandexMailTest(1)=111: set addressee&lt;br&gt;<br/>INFO  com.epam.vyacheslav_utenkov.java.lesson7.advanced.YandexMailTest(1)=113: set subject&lt;br&gt;<br/>INFO  com.epam.vyacheslav_utenkov.java.lesson7.advanced.YandexMailTest(1)=115: set message&lt;br&gt;<br/>INFO  com.epam.vyacheslav_utenkov.java.lesson7.utils.ScreenShot(1)=25: &lt;a href=&apos;screenshots/screenshot611666859422633519.png&apos;&gt;See screenshot&lt;/a&gt;&lt;br&gt;<br/>INFO  com.epam.vyacheslav_utenkov.java.lesson7.utils.EventListener(1)=51: EventListener - onTestFailure&lt;br&gt;<br/>INFO  com.epam.vyacheslav_utenkov.java.lesson7.utils.EventListener(1)=26: EventListener - makeScreenShot/if2&lt;br&gt;<br/>INFO  com.epam.vyacheslav_utenkov.java.lesson7.utils.EventListener(1)=31: EventListener - makeScreenShot/if2/makeScreenShot&lt;br&gt;<br/>INFO  com.epam.vyacheslav_utenkov.java.lesson7.utils.ScreenShot(1)=25: &lt;a href=&apos;screenshots/screenshot6994334724063392505.png&apos;&gt;Failed screen shot&lt;/a&gt;&lt;br&gt;</div></td></tr><tr><th>Exception</th></tr><tr><td><div class="stacktrace">org.openqa.selenium.TimeoutException: Timed out after 15 seconds waiting for com.epam.vyacheslav_utenkov.java.lesson7.ui.MessagePage$1@7efaad5a
Build info: version: &apos;2.53.1&apos;, revision: &apos;a36b8b1&apos;, time: &apos;2016-06-30 17:37:03&apos;
System info: host: &apos;EPRURYAW0075&apos;, ip: &apos;192.168.56.1&apos;, os.name: &apos;Windows 7&apos;, os.arch: &apos;amd64&apos;, os.version: &apos;6.1&apos;, java.version: &apos;1.8.0_92&apos;
Driver info: driver.version: unknown
	at org.openqa.selenium.support.ui.FluentWait.timeoutException(FluentWait.java:292)
	at org.openqa.selenium.support.ui.FluentWait.until(FluentWait.java:261)
	at com.epam.vyacheslav_utenkov.java.lesson7.ui.MessagePage.fluentWaitMethod(MessagePage.java:124)
	at com.epam.vyacheslav_utenkov.java.lesson7.ui.MessagePage.sendMessage(MessagePage.java:98)
	at com.epam.vyacheslav_utenkov.java.lesson7.advanced.YandexMailTest.sendMessagesTest(YandexMailTest.java:117)
	at sun.reflect.NativeMethodAccessorImpl.invoke0(Native Method)
	at sun.reflect.NativeMethodAccessorImpl.invoke(NativeMethodAccessorImpl.java:62)
	at sun.reflect.DelegatingMethodAccessorImpl.invoke(DelegatingMethodAccessorImpl.java:43)
	at java.lang.reflect.Method.invoke(Method.java:498)
	at org.testng.internal.MethodInvocationHelper.invokeMethod(MethodInvocationHelper.java:85)
	at org.testng.internal.Invoker.invokeMethod(Invoker.java:639)
	at org.testng.internal.Invoker.invokeTestMethod(Invoker.java:816)
	at org.testng.internal.Invoker.invokeTestMethods(Invoker.java:1124)
	at org.testng.internal.TestMethodWorker.invokeTestMethods(TestMethodWorker.java:125)
	at org.testng.internal.TestMethodWorker.run(TestMethodWorker.java:108)
	at org.testng.TestRunner.privateRun(TestRunner.java:774)
	at org.testng.TestRunner.run(TestRunner.java:624)
	at org.testng.SuiteRunner.runTest(SuiteRunner.java:359)
	at org.testng.SuiteRunner.runSequentially(SuiteRunner.java:354)
	at org.testng.SuiteRunner.privateRun(SuiteRunner.java:312)
	at org.testng.SuiteRunner.run(SuiteRunner.java:261)
	at org.testng.SuiteRunnerWorker.runSuite(SuiteRunnerWorker.java:52)
	at org.testng.SuiteRunnerWorker.run(SuiteRunnerWorker.java:86)
	at org.testng.TestNG.runSuitesSequentially(TestNG.java:1215)
	at org.testng.TestNG.runSuitesLocally(TestNG.java:1140)
	at org.testng.TestNG.run(TestNG.java:1048)
	at org.testng.remote.AbstractRemoteTestNG.run(AbstractRemoteTestNG.java:126)
	at org.testng.remote.RemoteTestNG.initAndRun(RemoteTestNG.java:152)
	at org.testng.remote.RemoteTestNG.main(RemoteTestNG.java:57)
</div></td></tr></table><p class="totop"><a href="#summary">back to summary</a></p><h3 id="m3">com.epam.vyacheslav_utenkov.java.lesson7.advanced.YandexMailTest#sendMessagesTest</h3><table class="result"><tr class="param"><th>Parameter #1</th></tr><tr class="param stripe"><td>horns.and.hoovers@mail.ru:Just Test Message:Hello world!</td></tr><tr><th>Messages</th></tr><tr><td><div class="messages">INFO  com.epam.vyacheslav_utenkov.java.lesson7.advanced.YandexMailTest(1)=102: sendMessagesTest started&lt;br&gt;<br/>INFO  com.epam.vyacheslav_utenkov.java.lesson7.advanced.YandexMailTest(1)=105: main page is chanched to message page&lt;br&gt;<br/>INFO  com.epam.vyacheslav_utenkov.java.lesson7.advanced.YandexMailTest(1)=111: set addressee&lt;br&gt;<br/>INFO  com.epam.vyacheslav_utenkov.java.lesson7.advanced.YandexMailTest(1)=113: set subject&lt;br&gt;<br/>INFO  com.epam.vyacheslav_utenkov.java.lesson7.advanced.YandexMailTest(1)=115: set message&lt;br&gt;<br/>INFO  com.epam.vyacheslav_utenkov.java.lesson7.utils.ScreenShot(1)=25: &lt;a href=&apos;screenshots/screenshot9047207613506457644.png&apos;&gt;See screenshot&lt;/a&gt;&lt;br&gt;<br/>INFO  com.epam.vyacheslav_utenkov.java.lesson7.utils.EventListener(1)=51: EventListener - onTestFailure&lt;br&gt;<br/>INFO  com.epam.vyacheslav_utenkov.java.lesson7.utils.EventListener(1)=26: EventListener - makeScreenShot/if2&lt;br&gt;<br/>INFO  com.epam.vyacheslav_utenkov.java.lesson7.utils.EventListener(1)=31: EventListener - makeScreenShot/if2/makeScreenShot&lt;br&gt;<br/>INFO  com.epam.vyacheslav_utenkov.java.lesson7.utils.ScreenShot(1)=25: &lt;a href=&apos;screenshots/screenshot370650779851151093.png&apos;&gt;Failed screen shot&lt;/a&gt;&lt;br&gt;</div></td></tr><tr><th>Exception</th></tr><tr><td><div class="stacktrace">org.openqa.selenium.TimeoutException: Timed out after 15 seconds waiting for com.epam.vyacheslav_utenkov.java.lesson7.ui.MessagePage$1@5ddcc487
Build info: version: &apos;2.53.1&apos;, revision: &apos;a36b8b1&apos;, time: &apos;2016-06-30 17:37:03&apos;
System info: host: &apos;EPRURYAW0075&apos;, ip: &apos;192.168.56.1&apos;, os.name: &apos;Windows 7&apos;, os.arch: &apos;amd64&apos;, os.version: &apos;6.1&apos;, java.version: &apos;1.8.0_92&apos;
Driver info: driver.version: unknown
	at org.openqa.selenium.support.ui.FluentWait.timeoutException(FluentWait.java:292)
	at org.openqa.selenium.support.ui.FluentWait.until(FluentWait.java:261)
	at com.epam.vyacheslav_utenkov.java.lesson7.ui.MessagePage.fluentWaitMethod(MessagePage.java:124)
	at com.epam.vyacheslav_utenkov.java.lesson7.ui.MessagePage.sendMessage(MessagePage.java:98)
	at com.epam.vyacheslav_utenkov.java.lesson7.advanced.YandexMailTest.sendMessagesTest(YandexMailTest.java:117)
	at sun.reflect.NativeMethodAccessorImpl.invoke0(Native Method)
	at sun.reflect.NativeMethodAccessorImpl.invoke(NativeMethodAccessorImpl.java:62)
	at sun.reflect.DelegatingMethodAccessorImpl.invoke(DelegatingMethodAccessorImpl.java:43)
	at java.lang.reflect.Method.invoke(Method.java:498)
	at org.testng.internal.MethodInvocationHelper.invokeMethod(MethodInvocationHelper.java:85)
	at org.testng.internal.Invoker.invokeMethod(Invoker.java:639)
	at org.testng.internal.Invoker.invokeTestMethod(Invoker.java:816)
	at org.testng.internal.Invoker.invokeTestMethods(Invoker.java:1124)
	at org.testng.internal.TestMethodWorker.invokeTestMethods(TestMethodWorker.java:125)
	at org.testng.internal.TestMethodWorker.run(TestMethodWorker.java:108)
	at org.testng.TestRunner.privateRun(TestRunner.java:774)
	at org.testng.TestRunner.run(TestRunner.java:624)
	at org.testng.SuiteRunner.runTest(SuiteRunner.java:359)
	at org.testng.SuiteRunner.runSequentially(SuiteRunner.java:354)
	at org.testng.SuiteRunner.privateRun(SuiteRunner.java:312)
	at org.testng.SuiteRunner.run(SuiteRunner.java:261)
	at org.testng.SuiteRunnerWorker.runSuite(SuiteRunnerWorker.java:52)
	at org.testng.SuiteRunnerWorker.run(SuiteRunnerWorker.java:86)
	at org.testng.TestNG.runSuitesSequentially(TestNG.java:1215)
	at org.testng.TestNG.runSuitesLocally(TestNG.java:1140)
	at org.testng.TestNG.run(TestNG.java:1048)
	at org.testng.remote.AbstractRemoteTestNG.run(AbstractRemoteTestNG.java:126)
	at org.testng.remote.RemoteTestNG.initAndRun(RemoteTestNG.java:152)
	at org.testng.remote.RemoteTestNG.main(RemoteTestNG.java:57)
</div></td></tr></table><p class="totop"><a href="#summary">back to summary</a></p><h3 id="m4">com.epam.vyacheslav_utenkov.java.lesson7.advanced.YandexMailTest#deleteMessage</h3><table class="result"><tr><th>Exception</th></tr><tr><td><div class="stacktrace">java.lang.Throwable: Method YandexMailTest.deleteMessage(java.lang.String)[pri:0, instance:com.epam.vyacheslav_utenkov.java.lesson7.advanced.YandexMailTest@352ff4da] depends on not successfully finished methods
	at org.testng.internal.Invoker.invokeTestMethods(Invoker.java:1033)
	at org.testng.internal.TestMethodWorker.invokeTestMethods(TestMethodWorker.java:125)
	at org.testng.internal.TestMethodWorker.run(TestMethodWorker.java:108)
	at org.testng.TestRunner.privateRun(TestRunner.java:774)
	at org.testng.TestRunner.run(TestRunner.java:624)
	at org.testng.SuiteRunner.runTest(SuiteRunner.java:359)
	at org.testng.SuiteRunner.runSequentially(SuiteRunner.java:354)
	at org.testng.SuiteRunner.privateRun(SuiteRunner.java:312)
	at org.testng.SuiteRunner.run(SuiteRunner.java:261)
	at org.testng.SuiteRunnerWorker.runSuite(SuiteRunnerWorker.java:52)
	at org.testng.SuiteRunnerWorker.run(SuiteRunnerWorker.java:86)
	at org.testng.TestNG.runSuitesSequentially(TestNG.java:1215)
	at org.testng.TestNG.runSuitesLocally(TestNG.java:1140)
	at org.testng.TestNG.run(TestNG.java:1048)
	at org.testng.remote.AbstractRemoteTestNG.run(AbstractRemoteTestNG.java:126)
	at org.testng.remote.RemoteTestNG.initAndRun(RemoteTestNG.java:152)
	at org.testng.remote.RemoteTestNG.main(RemoteTestNG.java:57)
</div></td></tr></table><p class="totop"><a href="#summary">back to summary</a></p><h3 id="m5">com.epam.vyacheslav_utenkov.java.lesson7.advanced.YandexMailTest#getException</h3><table class="result"><tr><th>Exception</th></tr><tr><td><div class="stacktrace">java.lang.Throwable: Method YandexMailTest.getException()[pri:0, instance:com.epam.vyacheslav_utenkov.java.lesson7.advanced.YandexMailTest@352ff4da] depends on not successfully finished methods
	at org.testng.internal.Invoker.invokeTestMethods(Invoker.java:1033)
	at org.testng.internal.TestMethodWorker.invokeTestMethods(TestMethodWorker.java:125)
	at org.testng.internal.TestMethodWorker.run(TestMethodWorker.java:108)
	at org.testng.TestRunner.privateRun(TestRunner.java:774)
	at org.testng.TestRunner.run(TestRunner.java:624)
	at org.testng.SuiteRunner.runTest(SuiteRunner.java:359)
	at org.testng.SuiteRunner.runSequentially(SuiteRunner.java:354)
	at org.testng.SuiteRunner.privateRun(SuiteRunner.java:312)
	at org.testng.SuiteRunner.run(SuiteRunner.java:261)
	at org.testng.SuiteRunnerWorker.runSuite(SuiteRunnerWorker.java:52)
	at org.testng.SuiteRunnerWorker.run(SuiteRunnerWorker.java:86)
	at org.testng.TestNG.runSuitesSequentially(TestNG.java:1215)
	at org.testng.TestNG.runSuitesLocally(TestNG.java:1140)
	at org.testng.TestNG.run(TestNG.java:1048)
	at org.testng.remote.AbstractRemoteTestNG.run(AbstractRemoteTestNG.java:126)
	at org.testng.remote.RemoteTestNG.initAndRun(RemoteTestNG.java:152)
	at org.testng.remote.RemoteTestNG.main(RemoteTestNG.java:57)
</div></td></tr></table><p class="totop"><a href="#summary">back to summary</a></p><h3 id="m6">com.epam.vyacheslav_utenkov.java.lesson7.advanced.YandexMailTest#loginTest</h3><table class="result"><tr class="param"><th>Parameter #1</th></tr><tr class="param stripe"><td>vyacheslav.utenkov1990@yandex.ru:123456789spll</td></tr><tr><th>Messages</th></tr><tr><td><div class="messages">INFO  com.epam.vyacheslav_utenkov.java.lesson7.advanced.YandexMailTest(1)=79: Start login&lt;br&gt;<br/>INFO  com.epam.vyacheslav_utenkov.java.lesson7.advanced.YandexMailTest(1)=86: Set default URL&lt;br&gt;<br/>INFO  com.epam.vyacheslav_utenkov.java.lesson7.advanced.YandexMailTest(1)=92: account was initialized&lt;br&gt;<br/>INFO  com.epam.vyacheslav_utenkov.java.lesson7.advanced.YandexMailTest(1)=95: return login page&lt;br&gt;<br/>INFO  com.epam.vyacheslav_utenkov.java.lesson7.utils.EventListener(1)=66: EventListener - onTestSuccess&lt;br&gt;<br/>INFO  com.epam.vyacheslav_utenkov.java.lesson7.utils.EventListener(1)=26: EventListener - makeScreenShot/if2&lt;br&gt;<br/>INFO  com.epam.vyacheslav_utenkov.java.lesson7.utils.EventListener(1)=31: EventListener - makeScreenShot/if2/makeScreenShot&lt;br&gt;<br/>INFO  com.epam.vyacheslav_utenkov.java.lesson7.utils.ScreenShot(1)=25: &lt;a href=&apos;screenshots/screenshot2372298614100852447.png&apos;&gt;Success screen shot&lt;/a&gt;&lt;br&gt;</div></td></tr></table><p class="totop"><a href="#summary">back to summary</a></p></body></html>