<?xml version="1.0" encoding="UTF-8"?>
<testng-results skipped="2" failed="3" total="6" passed="1">
  <reporter-output>
    <line>
      <![CDATA[INFO  com.epam.vyacheslav_utenkov.java.lesson7.utils.EventListener(1)=41: EventListener - onStart<br>]]>
    </line>
    <line>
      <![CDATA[INFO  com.epam.vyacheslav_utenkov.java.lesson7.advanced.YandexMailTest(1)=48: Testing started<br>]]>
    </line>
    <line>
      <![CDATA[INFO  com.epam.vyacheslav_utenkov.java.lesson7.advanced.YandexMailTest(1)=50: Browser was started<br>]]>
    </line>
    <line>
      <![CDATA[INFO  com.epam.vyacheslav_utenkov.java.lesson7.advanced.YandexMailTest(1)=60: Take data from file 'data.properties'<br>]]>
    </line>
    <line>
      <![CDATA[INFO  com.epam.vyacheslav_utenkov.java.lesson7.utils.EventListener(1)=61: EventListener - onTestStart<br>]]>
    </line>
    <line>
      <![CDATA[INFO  com.epam.vyacheslav_utenkov.java.lesson7.utils.EventListener(1)=26: EventListener - makeScreenShot/if2<br>]]>
    </line>
    <line>
      <![CDATA[INFO  com.epam.vyacheslav_utenkov.java.lesson7.utils.EventListener(1)=31: EventListener - makeScreenShot/if2/makeScreenShot<br>]]>
    </line>
    <line>
      <![CDATA[INFO  com.epam.vyacheslav_utenkov.java.lesson7.utils.ScreenShot(1)=25: <a href='screenshots/screenshot8192457716495862755.png'>Avto screen shot</a><br>]]>
    </line>
    <line>
      <![CDATA[INFO  com.epam.vyacheslav_utenkov.java.lesson7.advanced.YandexMailTest(1)=79: Start login<br>]]>
    </line>
    <line>
      <![CDATA[INFO  com.epam.vyacheslav_utenkov.java.lesson7.advanced.YandexMailTest(1)=86: Set default URL<br>]]>
    </line>
    <line>
      <![CDATA[INFO  com.epam.vyacheslav_utenkov.java.lesson7.advanced.YandexMailTest(1)=92: account was initialized<br>]]>
    </line>
    <line>
      <![CDATA[INFO  com.epam.vyacheslav_utenkov.java.lesson7.advanced.YandexMailTest(1)=95: return login page<br>]]>
    </line>
    <line>
      <![CDATA[INFO  com.epam.vyacheslav_utenkov.java.lesson7.utils.EventListener(1)=66: EventListener - onTestSuccess<br>]]>
    </line>
    <line>
      <![CDATA[INFO  com.epam.vyacheslav_utenkov.java.lesson7.utils.EventListener(1)=26: EventListener - makeScreenShot/if2<br>]]>
    </line>
    <line>
      <![CDATA[INFO  com.epam.vyacheslav_utenkov.java.lesson7.utils.EventListener(1)=31: EventListener - makeScreenShot/if2/makeScreenShot<br>]]>
    </line>
    <line>
      <![CDATA[INFO  com.epam.vyacheslav_utenkov.java.lesson7.utils.ScreenShot(1)=25: <a href='screenshots/screenshot2372298614100852447.png'>Success screen shot</a><br>]]>
    </line>
    <line>
      <![CDATA[INFO  com.epam.vyacheslav_utenkov.java.lesson7.advanced.YandexMailTest(1)=54: Take data from file 'data.properties'<br>]]>
    </line>
    <line>
      <![CDATA[INFO  com.epam.vyacheslav_utenkov.java.lesson7.advanced.YandexMailTest(1)=54: Take data from file 'data.properties'<br>]]>
    </line>
    <line>
      <![CDATA[INFO  com.epam.vyacheslav_utenkov.java.lesson7.advanced.YandexMailTest(1)=54: Take data from file 'data.properties'<br>]]>
    </line>
    <line>
      <![CDATA[INFO  com.epam.vyacheslav_utenkov.java.lesson7.utils.EventListener(1)=61: EventListener - onTestStart<br>]]>
    </line>
    <line>
      <![CDATA[INFO  com.epam.vyacheslav_utenkov.java.lesson7.utils.EventListener(1)=26: EventListener - makeScreenShot/if2<br>]]>
    </line>
    <line>
      <![CDATA[INFO  com.epam.vyacheslav_utenkov.java.lesson7.utils.EventListener(1)=31: EventListener - makeScreenShot/if2/makeScreenShot<br>]]>
    </line>
    <line>
      <![CDATA[INFO  com.epam.vyacheslav_utenkov.java.lesson7.utils.ScreenShot(1)=25: <a href='screenshots/screenshot5616928156872913762.png'>Avto screen shot</a><br>]]>
    </line>
    <line>
      <![CDATA[INFO  com.epam.vyacheslav_utenkov.java.lesson7.advanced.YandexMailTest(1)=102: sendMessagesTest started<br>]]>
    </line>
    <line>
      <![CDATA[INFO  com.epam.vyacheslav_utenkov.java.lesson7.advanced.YandexMailTest(1)=105: main page is chanched to message page<br>]]>
    </line>
    <line>
      <![CDATA[INFO  com.epam.vyacheslav_utenkov.java.lesson7.advanced.YandexMailTest(1)=111: set addressee<br>]]>
    </line>
    <line>
      <![CDATA[INFO  com.epam.vyacheslav_utenkov.java.lesson7.advanced.YandexMailTest(1)=113: set subject<br>]]>
    </line>
    <line>
      <![CDATA[INFO  com.epam.vyacheslav_utenkov.java.lesson7.advanced.YandexMailTest(1)=115: set message<br>]]>
    </line>
    <line>
      <![CDATA[INFO  com.epam.vyacheslav_utenkov.java.lesson7.utils.ScreenShot(1)=25: <a href='screenshots/screenshot9047207613506457644.png'>See screenshot</a><br>]]>
    </line>
    <line>
      <![CDATA[INFO  com.epam.vyacheslav_utenkov.java.lesson7.utils.EventListener(1)=51: EventListener - onTestFailure<br>]]>
    </line>
    <line>
      <![CDATA[INFO  com.epam.vyacheslav_utenkov.java.lesson7.utils.EventListener(1)=26: EventListener - makeScreenShot/if2<br>]]>
    </line>
    <line>
      <![CDATA[INFO  com.epam.vyacheslav_utenkov.java.lesson7.utils.EventListener(1)=31: EventListener - makeScreenShot/if2/makeScreenShot<br>]]>
    </line>
    <line>
      <![CDATA[INFO  com.epam.vyacheslav_utenkov.java.lesson7.utils.ScreenShot(1)=25: <a href='screenshots/screenshot370650779851151093.png'>Failed screen shot</a><br>]]>
    </line>
    <line>
      <![CDATA[INFO  com.epam.vyacheslav_utenkov.java.lesson7.utils.EventListener(1)=61: EventListener - onTestStart<br>]]>
    </line>
    <line>
      <![CDATA[INFO  com.epam.vyacheslav_utenkov.java.lesson7.utils.EventListener(1)=26: EventListener - makeScreenShot/if2<br>]]>
    </line>
    <line>
      <![CDATA[INFO  com.epam.vyacheslav_utenkov.java.lesson7.utils.EventListener(1)=31: EventListener - makeScreenShot/if2/makeScreenShot<br>]]>
    </line>
    <line>
      <![CDATA[INFO  com.epam.vyacheslav_utenkov.java.lesson7.utils.ScreenShot(1)=25: <a href='screenshots/screenshot5453257981711412795.png'>Avto screen shot</a><br>]]>
    </line>
    <line>
      <![CDATA[INFO  com.epam.vyacheslav_utenkov.java.lesson7.advanced.YandexMailTest(1)=102: sendMessagesTest started<br>]]>
    </line>
    <line>
      <![CDATA[INFO  com.epam.vyacheslav_utenkov.java.lesson7.advanced.YandexMailTest(1)=105: main page is chanched to message page<br>]]>
    </line>
    <line>
      <![CDATA[INFO  com.epam.vyacheslav_utenkov.java.lesson7.advanced.YandexMailTest(1)=111: set addressee<br>]]>
    </line>
    <line>
      <![CDATA[INFO  com.epam.vyacheslav_utenkov.java.lesson7.advanced.YandexMailTest(1)=113: set subject<br>]]>
    </line>
    <line>
      <![CDATA[INFO  com.epam.vyacheslav_utenkov.java.lesson7.advanced.YandexMailTest(1)=115: set message<br>]]>
    </line>
    <line>
      <![CDATA[INFO  com.epam.vyacheslav_utenkov.java.lesson7.utils.ScreenShot(1)=25: <a href='screenshots/screenshot101073703176767231.png'>See screenshot</a><br>]]>
    </line>
    <line>
      <![CDATA[INFO  com.epam.vyacheslav_utenkov.java.lesson7.utils.EventListener(1)=51: EventListener - onTestFailure<br>]]>
    </line>
    <line>
      <![CDATA[INFO  com.epam.vyacheslav_utenkov.java.lesson7.utils.EventListener(1)=26: EventListener - makeScreenShot/if2<br>]]>
    </line>
    <line>
      <![CDATA[INFO  com.epam.vyacheslav_utenkov.java.lesson7.utils.EventListener(1)=31: EventListener - makeScreenShot/if2/makeScreenShot<br>]]>
    </line>
    <line>
      <![CDATA[INFO  com.epam.vyacheslav_utenkov.java.lesson7.utils.ScreenShot(1)=25: <a href='screenshots/screenshot4619145629722033684.png'>Failed screen shot</a><br>]]>
    </line>
    <line>
      <![CDATA[INFO  com.epam.vyacheslav_utenkov.java.lesson7.utils.EventListener(1)=61: EventListener - onTestStart<br>]]>
    </line>
    <line>
      <![CDATA[INFO  com.epam.vyacheslav_utenkov.java.lesson7.utils.EventListener(1)=26: EventListener - makeScreenShot/if2<br>]]>
    </line>
    <line>
      <![CDATA[INFO  com.epam.vyacheslav_utenkov.java.lesson7.utils.EventListener(1)=31: EventListener - makeScreenShot/if2/makeScreenShot<br>]]>
    </line>
    <line>
      <![CDATA[INFO  com.epam.vyacheslav_utenkov.java.lesson7.utils.ScreenShot(1)=25: <a href='screenshots/screenshot5713778989152209060.png'>Avto screen shot</a><br>]]>
    </line>
    <line>
      <![CDATA[INFO  com.epam.vyacheslav_utenkov.java.lesson7.advanced.YandexMailTest(1)=102: sendMessagesTest started<br>]]>
    </line>
    <line>
      <![CDATA[INFO  com.epam.vyacheslav_utenkov.java.lesson7.advanced.YandexMailTest(1)=105: main page is chanched to message page<br>]]>
    </line>
    <line>
      <![CDATA[INFO  com.epam.vyacheslav_utenkov.java.lesson7.advanced.YandexMailTest(1)=111: set addressee<br>]]>
    </line>
    <line>
      <![CDATA[INFO  com.epam.vyacheslav_utenkov.java.lesson7.advanced.YandexMailTest(1)=113: set subject<br>]]>
    </line>
    <line>
      <![CDATA[INFO  com.epam.vyacheslav_utenkov.java.lesson7.advanced.YandexMailTest(1)=115: set message<br>]]>
    </line>
    <line>
      <![CDATA[INFO  com.epam.vyacheslav_utenkov.java.lesson7.utils.ScreenShot(1)=25: <a href='screenshots/screenshot611666859422633519.png'>See screenshot</a><br>]]>
    </line>
    <line>
      <![CDATA[INFO  com.epam.vyacheslav_utenkov.java.lesson7.utils.EventListener(1)=51: EventListener - onTestFailure<br>]]>
    </line>
    <line>
      <![CDATA[INFO  com.epam.vyacheslav_utenkov.java.lesson7.utils.EventListener(1)=26: EventListener - makeScreenShot/if2<br>]]>
    </line>
    <line>
      <![CDATA[INFO  com.epam.vyacheslav_utenkov.java.lesson7.utils.EventListener(1)=31: EventListener - makeScreenShot/if2/makeScreenShot<br>]]>
    </line>
    <line>
      <![CDATA[INFO  com.epam.vyacheslav_utenkov.java.lesson7.utils.ScreenShot(1)=25: <a href='screenshots/screenshot6994334724063392505.png'>Failed screen shot</a><br>]]>
    </line>
  </reporter-output>
  <suite name="Default suite" duration-ms="73757" started-at="2016-09-27T11:36:47Z" finished-at="2016-09-27T11:38:01Z">
    <groups>
    </groups>
    <test name="Default test" duration-ms="73757" started-at="2016-09-27T11:36:47Z" finished-at="2016-09-27T11:38:01Z">
      <class name="com.epam.vyacheslav_utenkov.java.lesson7.advanced.YandexMailTest">
        <test-method status="PASS" signature="startBrowser()[pri:0, instance:com.epam.vyacheslav_utenkov.java.lesson7.advanced.YandexMailTest@352ff4da]" name="startBrowser" is-config="true" duration-ms="20" started-at="2016-09-27T14:36:47Z" finished-at="2016-09-27T14:36:47Z">
          <reporter-output>
            <line>
              <![CDATA[INFO  com.epam.vyacheslav_utenkov.java.lesson7.advanced.YandexMailTest(1)=48: Testing started<br>]]>
            </line>
            <line>
              <![CDATA[INFO  com.epam.vyacheslav_utenkov.java.lesson7.advanced.YandexMailTest(1)=50: Browser was started<br>]]>
            </line>
          </reporter-output>
        </test-method> <!-- startBrowser -->
        <test-method status="PASS" signature="loginTest(java.lang.String)[pri:0, instance:com.epam.vyacheslav_utenkov.java.lesson7.advanced.YandexMailTest@352ff4da]" name="loginTest" duration-ms="5324" started-at="2016-09-27T14:36:47Z" data-provider="getLoginData" finished-at="2016-09-27T14:36:53Z">
          <params>
            <param index="0">
              <value>
                <![CDATA[vyacheslav.utenkov1990@yandex.ru:123456789spll]]>
              </value>
            </param>
          </params>
          <reporter-output>
            <line>
              <![CDATA[INFO  com.epam.vyacheslav_utenkov.java.lesson7.advanced.YandexMailTest(1)=79: Start login<br>]]>
            </line>
            <line>
              <![CDATA[INFO  com.epam.vyacheslav_utenkov.java.lesson7.advanced.YandexMailTest(1)=86: Set default URL<br>]]>
            </line>
            <line>
              <![CDATA[INFO  com.epam.vyacheslav_utenkov.java.lesson7.advanced.YandexMailTest(1)=92: account was initialized<br>]]>
            </line>
            <line>
              <![CDATA[INFO  com.epam.vyacheslav_utenkov.java.lesson7.advanced.YandexMailTest(1)=95: return login page<br>]]>
            </line>
            <line>
              <![CDATA[INFO  com.epam.vyacheslav_utenkov.java.lesson7.utils.EventListener(1)=66: EventListener - onTestSuccess<br>]]>
            </line>
            <line>
              <![CDATA[INFO  com.epam.vyacheslav_utenkov.java.lesson7.utils.EventListener(1)=26: EventListener - makeScreenShot/if2<br>]]>
            </line>
            <line>
              <![CDATA[INFO  com.epam.vyacheslav_utenkov.java.lesson7.utils.EventListener(1)=31: EventListener - makeScreenShot/if2/makeScreenShot<br>]]>
            </line>
            <line>
              <![CDATA[INFO  com.epam.vyacheslav_utenkov.java.lesson7.utils.ScreenShot(1)=25: <a href='screenshots/screenshot2372298614100852447.png'>Success screen shot</a><br>]]>
            </line>
          </reporter-output>
        </test-method> <!-- loginTest -->
        <test-method status="FAIL" signature="sendMessagesTest(java.lang.String)[pri:0, instance:com.epam.vyacheslav_utenkov.java.lesson7.advanced.YandexMailTest@352ff4da]" name="sendMessagesTest" duration-ms="23777" started-at="2016-09-27T14:36:53Z" data-provider="getMessageData" depends-on-methods="com.epam.vyacheslav_utenkov.java.lesson7.advanced.YandexMailTest.loginTest" finished-at="2016-09-27T14:37:16Z">
          <params>
            <param index="0">
              <value>
                <![CDATA[horns.and.hoovers@mail.ru:Just Test Message:Hello world!]]>
              </value>
            </param>
          </params>
          <exception class="org.openqa.selenium.TimeoutException">
            <message>
              <![CDATA[Timed out after 15 seconds waiting for com.epam.vyacheslav_utenkov.java.lesson7.ui.MessagePage$1@5ddcc487
Build info: version: '2.53.1', revision: 'a36b8b1', time: '2016-06-30 17:37:03'
System info: host: 'EPRURYAW0075', ip: '192.168.56.1', os.name: 'Windows 7', os.arch: 'amd64', os.version: '6.1', java.version: '1.8.0_92'
Driver info: driver.version: unknown]]>
            </message>
            <full-stacktrace>
              <![CDATA[org.openqa.selenium.TimeoutException: Timed out after 15 seconds waiting for com.epam.vyacheslav_utenkov.java.lesson7.ui.MessagePage$1@5ddcc487
Build info: version: '2.53.1', revision: 'a36b8b1', time: '2016-06-30 17:37:03'
System info: host: 'EPRURYAW0075', ip: '192.168.56.1', os.name: 'Windows 7', os.arch: 'amd64', os.version: '6.1', java.version: '1.8.0_92'
Driver info: driver.version: unknown
	at org.openqa.selenium.support.ui.FluentWait.timeoutException(FluentWait.java:292)
	at org.openqa.selenium.support.ui.FluentWait.until(FluentWait.java:261)
	at com.epam.vyacheslav_utenkov.java.lesson7.ui.MessagePage.fluentWaitMethod(MessagePage.java:124)
	at com.epam.vyacheslav_utenkov.java.lesson7.ui.MessagePage.sendMessage(MessagePage.java:98)
	at com.epam.vyacheslav_utenkov.java.lesson7.advanced.YandexMailTest.sendMessagesTest(YandexMailTest.java:117)
	at sun.reflect.NativeMethodAccessorImpl.invoke0(Native Method)
	at sun.reflect.NativeMethodAccessorImpl.invoke(NativeMethodAccessorImpl.java:62)
	at sun.reflect.DelegatingMethodAccessorImpl.invoke(DelegatingMethodAccessorImpl.java:43)
	at java.lang.reflect.Method.invoke(Method.java:498)
	at org.testng.internal.MethodInvocationHelper.invokeMethod(MethodInvocationHelper.java:85)
	at org.testng.internal.Invoker.invokeMethod(Invoker.java:639)
	at org.testng.internal.Invoker.invokeTestMethod(Invoker.java:816)
	at org.testng.internal.Invoker.invokeTestMethods(Invoker.java:1124)
	at org.testng.internal.TestMethodWorker.invokeTestMethods(TestMethodWorker.java:125)
	at org.testng.internal.TestMethodWorker.run(TestMethodWorker.java:108)
	at org.testng.TestRunner.privateRun(TestRunner.java:774)
	at org.testng.TestRunner.run(TestRunner.java:624)
	at org.testng.SuiteRunner.runTest(SuiteRunner.java:359)
	at org.testng.SuiteRunner.runSequentially(SuiteRunner.java:354)
	at org.testng.SuiteRunner.privateRun(SuiteRunner.java:312)
	at org.testng.SuiteRunner.run(SuiteRunner.java:261)
	at org.testng.SuiteRunnerWorker.runSuite(SuiteRunnerWorker.java:52)
	at org.testng.SuiteRunnerWorker.run(SuiteRunnerWorker.java:86)
	at org.testng.TestNG.runSuitesSequentially(TestNG.java:1215)
	at org.testng.TestNG.runSuitesLocally(TestNG.java:1140)
	at org.testng.TestNG.run(TestNG.java:1048)
	at org.testng.remote.AbstractRemoteTestNG.run(AbstractRemoteTestNG.java:126)
	at org.testng.remote.RemoteTestNG.initAndRun(RemoteTestNG.java:152)
	at org.testng.remote.RemoteTestNG.main(RemoteTestNG.java:57)
]]>
            </full-stacktrace>
          </exception> <!-- org.openqa.selenium.TimeoutException -->
          <reporter-output>
            <line>
              <![CDATA[INFO  com.epam.vyacheslav_utenkov.java.lesson7.advanced.YandexMailTest(1)=102: sendMessagesTest started<br>]]>
            </line>
            <line>
              <![CDATA[INFO  com.epam.vyacheslav_utenkov.java.lesson7.advanced.YandexMailTest(1)=105: main page is chanched to message page<br>]]>
            </line>
            <line>
              <![CDATA[INFO  com.epam.vyacheslav_utenkov.java.lesson7.advanced.YandexMailTest(1)=111: set addressee<br>]]>
            </line>
            <line>
              <![CDATA[INFO  com.epam.vyacheslav_utenkov.java.lesson7.advanced.YandexMailTest(1)=113: set subject<br>]]>
            </line>
            <line>
              <![CDATA[INFO  com.epam.vyacheslav_utenkov.java.lesson7.advanced.YandexMailTest(1)=115: set message<br>]]>
            </line>
            <line>
              <![CDATA[INFO  com.epam.vyacheslav_utenkov.java.lesson7.utils.ScreenShot(1)=25: <a href='screenshots/screenshot9047207613506457644.png'>See screenshot</a><br>]]>
            </line>
            <line>
              <![CDATA[INFO  com.epam.vyacheslav_utenkov.java.lesson7.utils.EventListener(1)=51: EventListener - onTestFailure<br>]]>
            </line>
            <line>
              <![CDATA[INFO  com.epam.vyacheslav_utenkov.java.lesson7.utils.EventListener(1)=26: EventListener - makeScreenShot/if2<br>]]>
            </line>
            <line>
              <![CDATA[INFO  com.epam.vyacheslav_utenkov.java.lesson7.utils.EventListener(1)=31: EventListener - makeScreenShot/if2/makeScreenShot<br>]]>
            </line>
            <line>
              <![CDATA[INFO  com.epam.vyacheslav_utenkov.java.lesson7.utils.ScreenShot(1)=25: <a href='screenshots/screenshot370650779851151093.png'>Failed screen shot</a><br>]]>
            </line>
          </reporter-output>
        </test-method> <!-- sendMessagesTest -->
        <test-method status="FAIL" signature="sendMessagesTest(java.lang.String)[pri:0, instance:com.epam.vyacheslav_utenkov.java.lesson7.advanced.YandexMailTest@352ff4da]" name="sendMessagesTest" duration-ms="20136" started-at="2016-09-27T14:37:17Z" data-provider="getMessageData" depends-on-methods="com.epam.vyacheslav_utenkov.java.lesson7.advanced.YandexMailTest.loginTest" finished-at="2016-09-27T14:37:37Z">
          <params>
            <param index="0">
              <value>
                <![CDATA[horns.and@mail.ru:Just Test for Message2:This message do not have much sense!]]>
              </value>
            </param>
          </params>
          <exception class="org.openqa.selenium.TimeoutException">
            <message>
              <![CDATA[Timed out after 15 seconds waiting for com.epam.vyacheslav_utenkov.java.lesson7.ui.MessagePage$1@58ce9668
Build info: version: '2.53.1', revision: 'a36b8b1', time: '2016-06-30 17:37:03'
System info: host: 'EPRURYAW0075', ip: '192.168.56.1', os.name: 'Windows 7', os.arch: 'amd64', os.version: '6.1', java.version: '1.8.0_92'
Driver info: driver.version: unknown]]>
            </message>
            <full-stacktrace>
              <![CDATA[org.openqa.selenium.TimeoutException: Timed out after 15 seconds waiting for com.epam.vyacheslav_utenkov.java.lesson7.ui.MessagePage$1@58ce9668
Build info: version: '2.53.1', revision: 'a36b8b1', time: '2016-06-30 17:37:03'
System info: host: 'EPRURYAW0075', ip: '192.168.56.1', os.name: 'Windows 7', os.arch: 'amd64', os.version: '6.1', java.version: '1.8.0_92'
Driver info: driver.version: unknown
	at org.openqa.selenium.support.ui.FluentWait.timeoutException(FluentWait.java:292)
	at org.openqa.selenium.support.ui.FluentWait.until(FluentWait.java:261)
	at com.epam.vyacheslav_utenkov.java.lesson7.ui.MessagePage.fluentWaitMethod(MessagePage.java:124)
	at com.epam.vyacheslav_utenkov.java.lesson7.ui.MessagePage.sendMessage(MessagePage.java:98)
	at com.epam.vyacheslav_utenkov.java.lesson7.advanced.YandexMailTest.sendMessagesTest(YandexMailTest.java:117)
	at sun.reflect.NativeMethodAccessorImpl.invoke0(Native Method)
	at sun.reflect.NativeMethodAccessorImpl.invoke(NativeMethodAccessorImpl.java:62)
	at sun.reflect.DelegatingMethodAccessorImpl.invoke(DelegatingMethodAccessorImpl.java:43)
	at java.lang.reflect.Method.invoke(Method.java:498)
	at org.testng.internal.MethodInvocationHelper.invokeMethod(MethodInvocationHelper.java:85)
	at org.testng.internal.Invoker.invokeMethod(Invoker.java:639)
	at org.testng.internal.Invoker.invokeTestMethod(Invoker.java:816)
	at org.testng.internal.Invoker.invokeTestMethods(Invoker.java:1124)
	at org.testng.internal.TestMethodWorker.invokeTestMethods(TestMethodWorker.java:125)
	at org.testng.internal.TestMethodWorker.run(TestMethodWorker.java:108)
	at org.testng.TestRunner.privateRun(TestRunner.java:774)
	at org.testng.TestRunner.run(TestRunner.java:624)
	at org.testng.SuiteRunner.runTest(SuiteRunner.java:359)
	at org.testng.SuiteRunner.runSequentially(SuiteRunner.java:354)
	at org.testng.SuiteRunner.privateRun(SuiteRunner.java:312)
	at org.testng.SuiteRunner.run(SuiteRunner.java:261)
	at org.testng.SuiteRunnerWorker.runSuite(SuiteRunnerWorker.java:52)
	at org.testng.SuiteRunnerWorker.run(SuiteRunnerWorker.java:86)
	at org.testng.TestNG.runSuitesSequentially(TestNG.java:1215)
	at org.testng.TestNG.runSuitesLocally(TestNG.java:1140)
	at org.testng.TestNG.run(TestNG.java:1048)
	at org.testng.remote.AbstractRemoteTestNG.run(AbstractRemoteTestNG.java:126)
	at org.testng.remote.RemoteTestNG.initAndRun(RemoteTestNG.java:152)
	at org.testng.remote.RemoteTestNG.main(RemoteTestNG.java:57)
]]>
            </full-stacktrace>
          </exception> <!-- org.openqa.selenium.TimeoutException -->
          <reporter-output>
            <line>
              <![CDATA[INFO  com.epam.vyacheslav_utenkov.java.lesson7.advanced.YandexMailTest(1)=102: sendMessagesTest started<br>]]>
            </line>
            <line>
              <![CDATA[INFO  com.epam.vyacheslav_utenkov.java.lesson7.advanced.YandexMailTest(1)=105: main page is chanched to message page<br>]]>
            </line>
            <line>
              <![CDATA[INFO  com.epam.vyacheslav_utenkov.java.lesson7.advanced.YandexMailTest(1)=111: set addressee<br>]]>
            </line>
            <line>
              <![CDATA[INFO  com.epam.vyacheslav_utenkov.java.lesson7.advanced.YandexMailTest(1)=113: set subject<br>]]>
            </line>
            <line>
              <![CDATA[INFO  com.epam.vyacheslav_utenkov.java.lesson7.advanced.YandexMailTest(1)=115: set message<br>]]>
            </line>
            <line>
              <![CDATA[INFO  com.epam.vyacheslav_utenkov.java.lesson7.utils.ScreenShot(1)=25: <a href='screenshots/screenshot101073703176767231.png'>See screenshot</a><br>]]>
            </line>
            <line>
              <![CDATA[INFO  com.epam.vyacheslav_utenkov.java.lesson7.utils.EventListener(1)=51: EventListener - onTestFailure<br>]]>
            </line>
            <line>
              <![CDATA[INFO  com.epam.vyacheslav_utenkov.java.lesson7.utils.EventListener(1)=26: EventListener - makeScreenShot/if2<br>]]>
            </line>
            <line>
              <![CDATA[INFO  com.epam.vyacheslav_utenkov.java.lesson7.utils.EventListener(1)=31: EventListener - makeScreenShot/if2/makeScreenShot<br>]]>
            </line>
            <line>
              <![CDATA[INFO  com.epam.vyacheslav_utenkov.java.lesson7.utils.ScreenShot(1)=25: <a href='screenshots/screenshot4619145629722033684.png'>Failed screen shot</a><br>]]>
            </line>
          </reporter-output>
        </test-method> <!-- sendMessagesTest -->
        <test-method status="FAIL" signature="sendMessagesTest(java.lang.String)[pri:0, instance:com.epam.vyacheslav_utenkov.java.lesson7.advanced.YandexMailTest@352ff4da]" name="sendMessagesTest" duration-ms="19139" started-at="2016-09-27T14:37:37Z" data-provider="getMessageData" depends-on-methods="com.epam.vyacheslav_utenkov.java.lesson7.advanced.YandexMailTest.loginTest" finished-at="2016-09-27T14:37:57Z">
          <params>
            <param index="0">
              <value>
                <![CDATA[horns@mail.ru:Just Test Message3:I am tired to think about message text!]]>
              </value>
            </param>
          </params>
          <exception class="org.openqa.selenium.TimeoutException">
            <message>
              <![CDATA[Timed out after 15 seconds waiting for com.epam.vyacheslav_utenkov.java.lesson7.ui.MessagePage$1@7efaad5a
Build info: version: '2.53.1', revision: 'a36b8b1', time: '2016-06-30 17:37:03'
System info: host: 'EPRURYAW0075', ip: '192.168.56.1', os.name: 'Windows 7', os.arch: 'amd64', os.version: '6.1', java.version: '1.8.0_92'
Driver info: driver.version: unknown]]>
            </message>
            <full-stacktrace>
              <![CDATA[org.openqa.selenium.TimeoutException: Timed out after 15 seconds waiting for com.epam.vyacheslav_utenkov.java.lesson7.ui.MessagePage$1@7efaad5a
Build info: version: '2.53.1', revision: 'a36b8b1', time: '2016-06-30 17:37:03'
System info: host: 'EPRURYAW0075', ip: '192.168.56.1', os.name: 'Windows 7', os.arch: 'amd64', os.version: '6.1', java.version: '1.8.0_92'
Driver info: driver.version: unknown
	at org.openqa.selenium.support.ui.FluentWait.timeoutException(FluentWait.java:292)
	at org.openqa.selenium.support.ui.FluentWait.until(FluentWait.java:261)
	at com.epam.vyacheslav_utenkov.java.lesson7.ui.MessagePage.fluentWaitMethod(MessagePage.java:124)
	at com.epam.vyacheslav_utenkov.java.lesson7.ui.MessagePage.sendMessage(MessagePage.java:98)
	at com.epam.vyacheslav_utenkov.java.lesson7.advanced.YandexMailTest.sendMessagesTest(YandexMailTest.java:117)
	at sun.reflect.NativeMethodAccessorImpl.invoke0(Native Method)
	at sun.reflect.NativeMethodAccessorImpl.invoke(NativeMethodAccessorImpl.java:62)
	at sun.reflect.DelegatingMethodAccessorImpl.invoke(DelegatingMethodAccessorImpl.java:43)
	at java.lang.reflect.Method.invoke(Method.java:498)
	at org.testng.internal.MethodInvocationHelper.invokeMethod(MethodInvocationHelper.java:85)
	at org.testng.internal.Invoker.invokeMethod(Invoker.java:639)
	at org.testng.internal.Invoker.invokeTestMethod(Invoker.java:816)
	at org.testng.internal.Invoker.invokeTestMethods(Invoker.java:1124)
	at org.testng.internal.TestMethodWorker.invokeTestMethods(TestMethodWorker.java:125)
	at org.testng.internal.TestMethodWorker.run(TestMethodWorker.java:108)
	at org.testng.TestRunner.privateRun(TestRunner.java:774)
	at org.testng.TestRunner.run(TestRunner.java:624)
	at org.testng.SuiteRunner.runTest(SuiteRunner.java:359)
	at org.testng.SuiteRunner.runSequentially(SuiteRunner.java:354)
	at org.testng.SuiteRunner.privateRun(SuiteRunner.java:312)
	at org.testng.SuiteRunner.run(SuiteRunner.java:261)
	at org.testng.SuiteRunnerWorker.runSuite(SuiteRunnerWorker.java:52)
	at org.testng.SuiteRunnerWorker.run(SuiteRunnerWorker.java:86)
	at org.testng.TestNG.runSuitesSequentially(TestNG.java:1215)
	at org.testng.TestNG.runSuitesLocally(TestNG.java:1140)
	at org.testng.TestNG.run(TestNG.java:1048)
	at org.testng.remote.AbstractRemoteTestNG.run(AbstractRemoteTestNG.java:126)
	at org.testng.remote.RemoteTestNG.initAndRun(RemoteTestNG.java:152)
	at org.testng.remote.RemoteTestNG.main(RemoteTestNG.java:57)
]]>
            </full-stacktrace>
          </exception> <!-- org.openqa.selenium.TimeoutException -->
          <reporter-output>
            <line>
              <![CDATA[INFO  com.epam.vyacheslav_utenkov.java.lesson7.advanced.YandexMailTest(1)=102: sendMessagesTest started<br>]]>
            </line>
            <line>
              <![CDATA[INFO  com.epam.vyacheslav_utenkov.java.lesson7.advanced.YandexMailTest(1)=105: main page is chanched to message page<br>]]>
            </line>
            <line>
              <![CDATA[INFO  com.epam.vyacheslav_utenkov.java.lesson7.advanced.YandexMailTest(1)=111: set addressee<br>]]>
            </line>
            <line>
              <![CDATA[INFO  com.epam.vyacheslav_utenkov.java.lesson7.advanced.YandexMailTest(1)=113: set subject<br>]]>
            </line>
            <line>
              <![CDATA[INFO  com.epam.vyacheslav_utenkov.java.lesson7.advanced.YandexMailTest(1)=115: set message<br>]]>
            </line>
            <line>
              <![CDATA[INFO  com.epam.vyacheslav_utenkov.java.lesson7.utils.ScreenShot(1)=25: <a href='screenshots/screenshot611666859422633519.png'>See screenshot</a><br>]]>
            </line>
            <line>
              <![CDATA[INFO  com.epam.vyacheslav_utenkov.java.lesson7.utils.EventListener(1)=51: EventListener - onTestFailure<br>]]>
            </line>
            <line>
              <![CDATA[INFO  com.epam.vyacheslav_utenkov.java.lesson7.utils.EventListener(1)=26: EventListener - makeScreenShot/if2<br>]]>
            </line>
            <line>
              <![CDATA[INFO  com.epam.vyacheslav_utenkov.java.lesson7.utils.EventListener(1)=31: EventListener - makeScreenShot/if2/makeScreenShot<br>]]>
            </line>
            <line>
              <![CDATA[INFO  com.epam.vyacheslav_utenkov.java.lesson7.utils.ScreenShot(1)=25: <a href='screenshots/screenshot6994334724063392505.png'>Failed screen shot</a><br>]]>
            </line>
          </reporter-output>
        </test-method> <!-- sendMessagesTest -->
        <test-method status="SKIP" signature="deleteMessage(java.lang.String)[pri:0, instance:com.epam.vyacheslav_utenkov.java.lesson7.advanced.YandexMailTest@352ff4da]" name="deleteMessage" duration-ms="0" started-at="2016-09-27T14:38:00Z" data-provider="getMessageData" depends-on-methods="com.epam.vyacheslav_utenkov.java.lesson7.advanced.YandexMailTest.sendMessagesTest" finished-at="2016-09-27T14:38:00Z">
          <exception class="java.lang.Throwable">
            <message>
              <![CDATA[Method YandexMailTest.deleteMessage(java.lang.String)[pri:0, instance:com.epam.vyacheslav_utenkov.java.lesson7.advanced.YandexMailTest@352ff4da] depends on not successfully finished methods]]>
            </message>
            <full-stacktrace>
              <![CDATA[java.lang.Throwable: Method YandexMailTest.deleteMessage(java.lang.String)[pri:0, instance:com.epam.vyacheslav_utenkov.java.lesson7.advanced.YandexMailTest@352ff4da] depends on not successfully finished methods
	at org.testng.internal.Invoker.invokeTestMethods(Invoker.java:1033)
	at org.testng.internal.TestMethodWorker.invokeTestMethods(TestMethodWorker.java:125)
	at org.testng.internal.TestMethodWorker.run(TestMethodWorker.java:108)
	at org.testng.TestRunner.privateRun(TestRunner.java:774)
	at org.testng.TestRunner.run(TestRunner.java:624)
	at org.testng.SuiteRunner.runTest(SuiteRunner.java:359)
	at org.testng.SuiteRunner.runSequentially(SuiteRunner.java:354)
	at org.testng.SuiteRunner.privateRun(SuiteRunner.java:312)
	at org.testng.SuiteRunner.run(SuiteRunner.java:261)
	at org.testng.SuiteRunnerWorker.runSuite(SuiteRunnerWorker.java:52)
	at org.testng.SuiteRunnerWorker.run(SuiteRunnerWorker.java:86)
	at org.testng.TestNG.runSuitesSequentially(TestNG.java:1215)
	at org.testng.TestNG.runSuitesLocally(TestNG.java:1140)
	at org.testng.TestNG.run(TestNG.java:1048)
	at org.testng.remote.AbstractRemoteTestNG.run(AbstractRemoteTestNG.java:126)
	at org.testng.remote.RemoteTestNG.initAndRun(RemoteTestNG.java:152)
	at org.testng.remote.RemoteTestNG.main(RemoteTestNG.java:57)
]]>
            </full-stacktrace>
          </exception> <!-- java.lang.Throwable -->
          <reporter-output>
          </reporter-output>
        </test-method> <!-- deleteMessage -->
        <test-method status="SKIP" signature="getException()[pri:0, instance:com.epam.vyacheslav_utenkov.java.lesson7.advanced.YandexMailTest@352ff4da]" name="getException" duration-ms="0" started-at="2016-09-27T14:38:01Z" depends-on-methods="com.epam.vyacheslav_utenkov.java.lesson7.advanced.YandexMailTest.deleteMessage" finished-at="2016-09-27T14:38:01Z">
          <exception class="java.lang.Throwable">
            <message>
              <![CDATA[Method YandexMailTest.getException()[pri:0, instance:com.epam.vyacheslav_utenkov.java.lesson7.advanced.YandexMailTest@352ff4da] depends on not successfully finished methods]]>
            </message>
            <full-stacktrace>
              <![CDATA[java.lang.Throwable: Method YandexMailTest.getException()[pri:0, instance:com.epam.vyacheslav_utenkov.java.lesson7.advanced.YandexMailTest@352ff4da] depends on not successfully finished methods
	at org.testng.internal.Invoker.invokeTestMethods(Invoker.java:1033)
	at org.testng.internal.TestMethodWorker.invokeTestMethods(TestMethodWorker.java:125)
	at org.testng.internal.TestMethodWorker.run(TestMethodWorker.java:108)
	at org.testng.TestRunner.privateRun(TestRunner.java:774)
	at org.testng.TestRunner.run(TestRunner.java:624)
	at org.testng.SuiteRunner.runTest(SuiteRunner.java:359)
	at org.testng.SuiteRunner.runSequentially(SuiteRunner.java:354)
	at org.testng.SuiteRunner.privateRun(SuiteRunner.java:312)
	at org.testng.SuiteRunner.run(SuiteRunner.java:261)
	at org.testng.SuiteRunnerWorker.runSuite(SuiteRunnerWorker.java:52)
	at org.testng.SuiteRunnerWorker.run(SuiteRunnerWorker.java:86)
	at org.testng.TestNG.runSuitesSequentially(TestNG.java:1215)
	at org.testng.TestNG.runSuitesLocally(TestNG.java:1140)
	at org.testng.TestNG.run(TestNG.java:1048)
	at org.testng.remote.AbstractRemoteTestNG.run(AbstractRemoteTestNG.java:126)
	at org.testng.remote.RemoteTestNG.initAndRun(RemoteTestNG.java:152)
	at org.testng.remote.RemoteTestNG.main(RemoteTestNG.java:57)
]]>
            </full-stacktrace>
          </exception> <!-- java.lang.Throwable -->
          <reporter-output>
          </reporter-output>
        </test-method> <!-- getException -->
        <test-method status="FAIL" signature="closeBrowser()[pri:0, instance:com.epam.vyacheslav_utenkov.java.lesson7.advanced.YandexMailTest@352ff4da]" name="closeBrowser" is-config="true" duration-ms="0" started-at="2016-09-27T14:38:01Z" finished-at="2016-09-27T14:38:01Z">
          <exception class="java.lang.NullPointerException">
            <full-stacktrace>
              <![CDATA[java.lang.NullPointerException
	at com.epam.vyacheslav_utenkov.java.lesson7.advanced.YandexMailTest.closeBrowser(YandexMailTest.java:143)
	at sun.reflect.NativeMethodAccessorImpl.invoke0(Native Method)
	at sun.reflect.NativeMethodAccessorImpl.invoke(NativeMethodAccessorImpl.java:62)
	at sun.reflect.DelegatingMethodAccessorImpl.invoke(DelegatingMethodAccessorImpl.java:43)
	at java.lang.reflect.Method.invoke(Method.java:498)
	at org.testng.internal.MethodInvocationHelper.invokeMethod(MethodInvocationHelper.java:85)
	at org.testng.internal.Invoker.invokeConfigurationMethod(Invoker.java:510)
	at org.testng.internal.Invoker.invokeConfigurations(Invoker.java:211)
	at org.testng.internal.Invoker.invokeConfigurations(Invoker.java:138)
	at org.testng.TestRunner.afterRun(TestRunner.java:1023)
	at org.testng.TestRunner.run(TestRunner.java:628)
	at org.testng.SuiteRunner.runTest(SuiteRunner.java:359)
	at org.testng.SuiteRunner.runSequentially(SuiteRunner.java:354)
	at org.testng.SuiteRunner.privateRun(SuiteRunner.java:312)
	at org.testng.SuiteRunner.run(SuiteRunner.java:261)
	at org.testng.SuiteRunnerWorker.runSuite(SuiteRunnerWorker.java:52)
	at org.testng.SuiteRunnerWorker.run(SuiteRunnerWorker.java:86)
	at org.testng.TestNG.runSuitesSequentially(TestNG.java:1215)
	at org.testng.TestNG.runSuitesLocally(TestNG.java:1140)
	at org.testng.TestNG.run(TestNG.java:1048)
	at org.testng.remote.AbstractRemoteTestNG.run(AbstractRemoteTestNG.java:126)
	at org.testng.remote.RemoteTestNG.initAndRun(RemoteTestNG.java:152)
	at org.testng.remote.RemoteTestNG.main(RemoteTestNG.java:57)
]]>
            </full-stacktrace>
          </exception> <!-- java.lang.NullPointerException -->
          <reporter-output>
          </reporter-output>
        </test-method> <!-- closeBrowser -->
      </class> <!-- com.epam.vyacheslav_utenkov.java.lesson7.advanced.YandexMailTest -->
    </test> <!-- Default test -->
  </suite> <!-- Default suite -->
</testng-results>
